# project mpv configured on Sat Mar  6 18:52:16 2021 by
# waf 2.0.20 (abi 20, python 30902f0 on linux)
# using ./waf configure
#
----------------------------------------
Setting top to
/home/ram/.config/mpv
----------------------------------------
Setting out to
/home/ram/.config/mpv/build
----------------------------------------
Checking for waf version in 1.8.4-2.1.0
ok
----------------------------------------
Checking for program 'cc'
/usr/bin/cc
find program=['cc'] paths=['/usr/local/sbin', '/usr/local/bin', '/usr/bin', '/usr/bin/site_perl', '/usr/bin/vendor_perl', '/usr/bin/core_perl'] var='CC' -> ['/usr/bin/cc']
----------------------------------------
Checking for program 'pkg-config'
/usr/bin/pkg-config
find program=['pkg-config'] paths=['/usr/local/sbin', '/usr/local/bin', '/usr/bin', '/usr/bin/site_perl', '/usr/bin/vendor_perl', '/usr/bin/core_perl'] var='PKG_CONFIG' -> ['/usr/bin/pkg-config']
----------------------------------------
Checking for program 'ar'
/usr/bin/ar
find program=['ar'] paths=['/usr/local/sbin', '/usr/local/bin', '/usr/bin', '/usr/bin/site_perl', '/usr/bin/vendor_perl', '/usr/bin/core_perl'] var='AR' -> ['/usr/bin/ar']
----------------------------------------
Checking for program 'rst2html'
not found
find program=['rst2html'] paths=['/usr/local/sbin', '/usr/local/bin', '/usr/bin', '/usr/bin/site_perl', '/usr/bin/vendor_perl', '/usr/bin/core_perl'] var='RST2HTML' -> None
from /home/ram/.config/mpv: Could not find the program ['rst2html']
----------------------------------------
Checking for program 'rst2man'
not found
find program=['rst2man'] paths=['/usr/local/sbin', '/usr/local/bin', '/usr/bin', '/usr/bin/site_perl', '/usr/bin/vendor_perl', '/usr/bin/core_perl'] var='RST2MAN' -> None
from /home/ram/.config/mpv: Could not find the program ['rst2man']
----------------------------------------
Checking for program 'rst2pdf'
not found
find program=['rst2pdf'] paths=['/usr/local/sbin', '/usr/local/bin', '/usr/bin', '/usr/bin/site_perl', '/usr/bin/vendor_perl', '/usr/bin/core_perl'] var='RST2PDF' -> None
from /home/ram/.config/mpv: Could not find the program ['rst2pdf']
----------------------------------------
Checking for program 'windres'
not found
find program=['windres'] paths=['/usr/local/sbin', '/usr/local/bin', '/usr/bin', '/usr/bin/site_perl', '/usr/bin/vendor_perl', '/usr/bin/core_perl'] var='WINDRES' -> None
from /home/ram/.config/mpv: Could not find the program ['windres']
----------------------------------------
Checking for program 'perl'
/usr/bin/perl
find program=['perl'] paths=['/usr/local/sbin', '/usr/local/bin', '/usr/bin', '/usr/bin/site_perl', '/usr/bin/vendor_perl', '/usr/bin/core_perl'] var='BIN_PERL' -> ['/usr/bin/perl']
----------------------------------------
Checking for 'gcc' (C compiler)
find program=['gcc', 'cc'] paths=['/usr/local/sbin', '/usr/local/bin', '/usr/bin', '/usr/bin/site_perl', '/usr/bin/vendor_perl', '/usr/bin/core_perl'] var='CC' -> ['/usr/bin/cc']
['/usr/bin/cc', '-dM', '-E', '-']
out: #define __SSP_STRONG__ 3
#define __DBL_MIN_EXP__ (-1021)
#define __UINT_LEAST16_MAX__ 0xffff
#define __ATOMIC_ACQUIRE 2
#define __FLT128_MAX_10_EXP__ 4932
#define __FLT_MIN__ 1.17549435082228750796873653722224568e-38F
#define __GCC_IEC_559_COMPLEX 2
#define __UINT_LEAST8_TYPE__ unsigned char
#define __SIZEOF_FLOAT80__ 16
#define __INTMAX_C(c) c ## L
#define __CHAR_BIT__ 8
#define __UINT8_MAX__ 0xff
#define __SCHAR_WIDTH__ 8
#define __WINT_MAX__ 0xffffffffU
#define __FLT32_MIN_EXP__ (-125)
#define __ORDER_LITTLE_ENDIAN__ 1234
#define __SIZE_MAX__ 0xffffffffffffffffUL
#define __WCHAR_MAX__ 0x7fffffff
#define __GCC_HAVE_SYNC_COMPARE_AND_SWAP_1 1
#define __GCC_HAVE_SYNC_COMPARE_AND_SWAP_2 1
#define __GCC_HAVE_SYNC_COMPARE_AND_SWAP_4 1
#define __DBL_DENORM_MIN__ ((double)4.94065645841246544176568792868221372e-324L)
#define __GCC_HAVE_SYNC_COMPARE_AND_SWAP_8 1
#define __GCC_ATOMIC_CHAR_LOCK_FREE 2
#define __GCC_IEC_559 2
#define __FLT32X_DECIMAL_DIG__ 17
#define __FLT_EVAL_METHOD__ 0
#define __FLT64_DECIMAL_DIG__ 17
#define __GCC_ATOMIC_CHAR32_T_LOCK_FREE 2
#define __UINT_FAST64_MAX__ 0xffffffffffffffffUL
#define __SIG_ATOMIC_TYPE__ int
#define __DBL_MIN_10_EXP__ (-307)
#define __FINITE_MATH_ONLY__ 0
#define __FLT32X_MAX_EXP__ 1024
#define __FLT32_HAS_DENORM__ 1
#define __UINT_FAST8_MAX__ 0xff
#define __FLT32_MAX_10_EXP__ 38
#define __DEC64_MAX_EXP__ 385
#define __INT8_C(c) c
#define __INT_LEAST8_WIDTH__ 8
#define __UINT_LEAST64_MAX__ 0xffffffffffffffffUL
#define __SHRT_MAX__ 0x7fff
#define __LDBL_MAX__ 1.18973149535723176502126385303097021e+4932L
#define __FLT64X_MAX_10_EXP__ 4932
#define __FLT64X_HAS_QUIET_NAN__ 1
#define __UINT_LEAST8_MAX__ 0xff
#define __GCC_ATOMIC_BOOL_LOCK_FREE 2
#define __FLT128_DENORM_MIN__ 6.47517511943802511092443895822764655e-4966F128
#define __UINTMAX_TYPE__ long unsigned int
#define __linux 1
#define __DEC32_EPSILON__ 1E-6DF
#define __FLT_EVAL_METHOD_TS_18661_3__ 0
#define __unix 1
#define __UINT32_MAX__ 0xffffffffU
#define __FLT128_MIN_EXP__ (-16381)
#define __WINT_MIN__ 0U
#define __FLT128_MIN_10_EXP__ (-4931)
#define __INT_LEAST16_WIDTH__ 16
#define __SCHAR_MAX__ 0x7f
#define __FLT128_MANT_DIG__ 113
#define __WCHAR_MIN__ (-__WCHAR_MAX__ - 1)
#define __INT64_C(c) c ## L
#define __GCC_ATOMIC_POINTER_LOCK_FREE 2
#define __FLT32X_MANT_DIG__ 53
#define __USER_LABEL_PREFIX__ 
#define __FLT64X_EPSILON__ 1.08420217248550443400745280086994171e-19F64x
#define __STDC_HOSTED__ 1
#define __DEC64_MIN_EXP__ (-382)
#define __DBL_DIG__ 15
#define __FLT32_DIG__ 6
#define __FLT_EPSILON__ 1.19209289550781250000000000000000000e-7F
#define __SHRT_WIDTH__ 16
#define __LDBL_MIN__ 3.36210314311209350626267781732175260e-4932L
#define __STDC_UTF_16__ 1
#define __DEC32_MAX__ 9.999999E96DF
#define __FLT64X_DENORM_MIN__ 3.64519953188247460252840593361941982e-4951F64x
#define __FLT32X_HAS_INFINITY__ 1
#define __INT32_MAX__ 0x7fffffff
#define __unix__ 1
#define __INT_WIDTH__ 32
#define __SIZEOF_LONG__ 8
#define __STDC_IEC_559__ 1
#define __STDC_ISO_10646__ 201706L
#define __UINT16_C(c) c
#define __DECIMAL_DIG__ 21
#define __STDC_IEC_559_COMPLEX__ 1
#define __FLT64_EPSILON__ 2.22044604925031308084726333618164062e-16F64
#define __gnu_linux__ 1
#define __FLT64X_MIN_10_EXP__ (-4931)
#define __LDBL_HAS_QUIET_NAN__ 1
#define __FLT64_MANT_DIG__ 53
#define __FLT64X_MANT_DIG__ 64
#define __GNUC__ 10
#define __pie__ 2
#define __MMX__ 1
#define __FLT_HAS_DENORM__ 1
#define __SIZEOF_LONG_DOUBLE__ 16
#define __BIGGEST_ALIGNMENT__ 16
#define __FLT64_MAX_10_EXP__ 308
#define __DBL_MAX__ ((double)1.79769313486231570814527423731704357e+308L)
#define __INT_FAST32_MAX__ 0x7fffffffffffffffL
#define __DBL_HAS_INFINITY__ 1
#define __SIZEOF_FLOAT__ 4
#define __HAVE_SPECULATION_SAFE_VALUE 1
#define __DEC32_MIN_EXP__ (-94)
#define __INTPTR_WIDTH__ 64
#define __FLT64X_HAS_INFINITY__ 1
#define __UINT_LEAST32_MAX__ 0xffffffffU
#define __FLT32X_HAS_DENORM__ 1
#define __INT_FAST16_TYPE__ long int
#define __MMX_WITH_SSE__ 1
#define __LDBL_HAS_DENORM__ 1
#define __FLT128_HAS_INFINITY__ 1
#define __DEC32_MIN__ 1E-95DF
#define __DBL_MAX_EXP__ 1024
#define __WCHAR_WIDTH__ 32
#define __FLT32_MAX__ 3.40282346638528859811704183484516925e+38F32
#define __DEC128_EPSILON__ 1E-33DL
#define __SSE2_MATH__ 1
#define __ATOMIC_HLE_RELEASE 131072
#define __PTRDIFF_MAX__ 0x7fffffffffffffffL
#define __amd64 1
#define __ATOMIC_HLE_ACQUIRE 65536
#define __LONG_LONG_MAX__ 0x7fffffffffffffffLL
#define __SIZEOF_SIZE_T__ 8
#define __FLT64X_MIN_EXP__ (-16381)
#define __SIZEOF_WINT_T__ 4
#define __LONG_LONG_WIDTH__ 64
#define __FLT32_MAX_EXP__ 128
#define __GXX_ABI_VERSION 1014
#define __FLT_MIN_EXP__ (-125)
#define __GCC_HAVE_DWARF2_CFI_ASM 1
#define __INT16_MAX__ 0x7fff
#define __x86_64 1
#define __INT_FAST64_TYPE__ long int
#define __FLT64_DENORM_MIN__ 4.94065645841246544176568792868221372e-324F64
#define __DBL_MIN__ ((double)2.22507385850720138309023271733240406e-308L)
#define __FLT128_EPSILON__ 1.92592994438723585305597794258492732e-34F128
#define __FLT64X_NORM_MAX__ 1.18973149535723176502126385303097021e+4932F64x
#define __SIZEOF_POINTER__ 8
#define __LP64__ 1
#define __DBL_HAS_QUIET_NAN__ 1
#define __FLT32X_EPSILON__ 2.22044604925031308084726333618164062e-16F32x
#define __DECIMAL_BID_FORMAT__ 1
#define __FLT64_MIN_EXP__ (-1021)
#define __FLT64_MIN_10_EXP__ (-307)
#define __FLT64X_DECIMAL_DIG__ 21
#define __DEC128_MIN__ 1E-6143DL
#define __REGISTER_PREFIX__ 
#define __UINT16_MAX__ 0xffff
#define __DBL_HAS_DENORM__ 1
#define __LDBL_HAS_INFINITY__ 1
#define __FLT32_MIN__ 1.17549435082228750796873653722224568e-38F32
#define __UINT8_TYPE__ unsigned char
#define __FLT_DIG__ 6
#define __NO_INLINE__ 1
#define __DEC_EVAL_METHOD__ 2
#define __DEC128_MAX__ 9.999999999999999999999999999999999E6144DL
#define __FLT_MANT_DIG__ 24
#define __LDBL_DECIMAL_DIG__ 21
#define __VERSION__ "10.2.0"
#define __UINT64_C(c) c ## UL
#define _STDC_PREDEF_H 1
#define __INT_LEAST32_MAX__ 0x7fffffff
#define __GCC_ATOMIC_INT_LOCK_FREE 2
#define __FLT128_MAX_EXP__ 16384
#define __FLT32_MANT_DIG__ 24
#define __FLOAT_WORD_ORDER__ __ORDER_LITTLE_ENDIAN__
#define __FLT128_HAS_DENORM__ 1
#define __FLT32_DECIMAL_DIG__ 9
#define __FLT128_DIG__ 33
#define __INT32_C(c) c
#define __DEC64_EPSILON__ 1E-15DD
#define __ORDER_PDP_ENDIAN__ 3412
#define __DEC128_MIN_EXP__ (-6142)
#define __INT_FAST32_TYPE__ long int
#define __UINT_LEAST16_TYPE__ short unsigned int
#define unix 1
#define __SIZE_TYPE__ long unsigned int
#define __UINT64_MAX__ 0xffffffffffffffffUL
#define __FLT64X_DIG__ 18
#define __INT8_TYPE__ signed char
#define __ELF__ 1
#define __GCC_ASM_FLAG_OUTPUTS__ 1
#define __UINT32_TYPE__ unsigned int
#define __FLT_RADIX__ 2
#define __INT_LEAST16_TYPE__ short int
#define __LDBL_EPSILON__ 1.08420217248550443400745280086994171e-19L
#define __UINTMAX_C(c) c ## UL
#define __SSE_MATH__ 1
#define __k8 1
#define __FLT32X_MIN__ 2.22507385850720138309023271733240406e-308F32x
#define __SIG_ATOMIC_MAX__ 0x7fffffff
#define __GCC_ATOMIC_WCHAR_T_LOCK_FREE 2
#define __SIZEOF_PTRDIFF_T__ 8
#define __LDBL_DIG__ 18
#define __x86_64__ 1
#define __FLT32X_MIN_EXP__ (-1021)
#define __DEC32_SUBNORMAL_MIN__ 0.000001E-95DF
#define __INT_FAST16_MAX__ 0x7fffffffffffffffL
#define __FLT64_DIG__ 15
#define __UINT_FAST32_MAX__ 0xffffffffffffffffUL
#define __UINT_LEAST64_TYPE__ long unsigned int
#define __FLT_HAS_QUIET_NAN__ 1
#define __FLT_MAX_10_EXP__ 38
#define __LONG_MAX__ 0x7fffffffffffffffL
#define __FLT64X_HAS_DENORM__ 1
#define __DEC128_SUBNORMAL_MIN__ 0.000000000000000000000000000000001E-6143DL
#define __FLT_HAS_INFINITY__ 1
#define __UINT_FAST16_TYPE__ long unsigned int
#define __DEC64_MAX__ 9.999999999999999E384DD
#define __INT_FAST32_WIDTH__ 64
#define __CHAR16_TYPE__ short unsigned int
#define __PRAGMA_REDEFINE_EXTNAME 1
#define __SIZE_WIDTH__ 64
#define __SEG_FS 1
#define __INT_LEAST16_MAX__ 0x7fff
#define __DEC64_MANT_DIG__ 16
#define __INT64_MAX__ 0x7fffffffffffffffL
#define __SEG_GS 1
#define __FLT32_DENORM_MIN__ 1.40129846432481707092372958328991613e-45F32
#define __SIG_ATOMIC_WIDTH__ 32
#define __INT_LEAST64_TYPE__ long int
#define __INT16_TYPE__ short int
#define __INT_LEAST8_TYPE__ signed char
#define __STDC_VERSION__ 201710L
#define __SIZEOF_INT__ 4
#define __DEC32_MAX_EXP__ 97
#define __INT_FAST8_MAX__ 0x7f
#define __FLT128_MAX__ 1.18973149535723176508575932662800702e+4932F128
#define __INTPTR_MAX__ 0x7fffffffffffffffL
#define linux 1
#define __FLT64_HAS_QUIET_NAN__ 1
#define __FLT32_MIN_10_EXP__ (-37)
#define __FLT32X_DIG__ 15
#define __PTRDIFF_WIDTH__ 64
#define __LDBL_MANT_DIG__ 64
#define __FLT64_HAS_INFINITY__ 1
#define __FLT64X_MAX__ 1.18973149535723176502126385303097021e+4932F64x
#define __SIG_ATOMIC_MIN__ (-__SIG_ATOMIC_MAX__ - 1)
#define __code_model_small__ 1
#define __GCC_ATOMIC_LONG_LOCK_FREE 2
#define __DEC32_MANT_DIG__ 7
#define __k8__ 1
#define __INTPTR_TYPE__ long int
#define __UINT16_TYPE__ short unsigned int
#define __WCHAR_TYPE__ int
#define __pic__ 2
#define __UINTPTR_MAX__ 0xffffffffffffffffUL
#define __INT_FAST64_WIDTH__ 64
#define __INT_FAST64_MAX__ 0x7fffffffffffffffL
#define __GCC_ATOMIC_TEST_AND_SET_TRUEVAL 1
#define __FLT_NORM_MAX__ 3.40282346638528859811704183484516925e+38F
#define __FLT32_HAS_INFINITY__ 1
#define __FLT64X_MAX_EXP__ 16384
#define __UINT_FAST64_TYPE__ long unsigned int
#define __INT_MAX__ 0x7fffffff
#define __linux__ 1
#define __INT64_TYPE__ long int
#define __FLT_MAX_EXP__ 128
#define __ORDER_BIG_ENDIAN__ 4321
#define __DBL_MANT_DIG__ 53
#define __SIZEOF_FLOAT128__ 16
#define __INT_LEAST64_MAX__ 0x7fffffffffffffffL
#define __GCC_ATOMIC_CHAR16_T_LOCK_FREE 2
#define __DEC64_MIN__ 1E-383DD
#define __WINT_TYPE__ unsigned int
#define __UINT_LEAST32_TYPE__ unsigned int
#define __SIZEOF_SHORT__ 2
#define __FLT32_NORM_MAX__ 3.40282346638528859811704183484516925e+38F32
#define __SSE__ 1
#define __LDBL_MIN_EXP__ (-16381)
#define __FLT64_MAX__ 1.79769313486231570814527423731704357e+308F64
#define __amd64__ 1
#define __WINT_WIDTH__ 32
#define __INT_LEAST8_MAX__ 0x7f
#define __INT_LEAST64_WIDTH__ 64
#define __LDBL_MAX_EXP__ 16384
#define __FLT32X_MAX_10_EXP__ 308
#define __SIZEOF_INT128__ 16
#define __LDBL_MAX_10_EXP__ 4932
#define __ATOMIC_RELAXED 0
#define __DBL_EPSILON__ ((double)2.22044604925031308084726333618164062e-16L)
#define __FLT128_MIN__ 3.36210314311209350626267781732175260e-4932F128
#define _LP64 1
#define __UINT8_C(c) c
#define __FLT64_MAX_EXP__ 1024
#define __INT_LEAST32_TYPE__ int
#define __SIZEOF_WCHAR_T__ 4
#define __UINT64_TYPE__ long unsigned int
#define __GNUC_PATCHLEVEL__ 0
#define __FLT128_NORM_MAX__ 1.18973149535723176508575932662800702e+4932F128
#define __FLT64_NORM_MAX__ 1.79769313486231570814527423731704357e+308F64
#define __FLT128_HAS_QUIET_NAN__ 1
#define __INTMAX_MAX__ 0x7fffffffffffffffL
#define __INT_FAST8_TYPE__ signed char
#define __FLT64X_MIN__ 3.36210314311209350626267781732175260e-4932F64x
#define __GNUC_STDC_INLINE__ 1
#define __FLT64_HAS_DENORM__ 1
#define __FLT32_EPSILON__ 1.19209289550781250000000000000000000e-7F32
#define __DBL_DECIMAL_DIG__ 17
#define __STDC_UTF_32__ 1
#define __INT_FAST8_WIDTH__ 8
#define __FXSR__ 1
#define __FLT32X_MAX__ 1.79769313486231570814527423731704357e+308F32x
#define __DBL_NORM_MAX__ ((double)1.79769313486231570814527423731704357e+308L)
#define __BYTE_ORDER__ __ORDER_LITTLE_ENDIAN__
#define __INTMAX_WIDTH__ 64
#define __UINT32_C(c) c ## U
#define __FLT_DENORM_MIN__ 1.40129846432481707092372958328991613e-45F
#define __INT8_MAX__ 0x7f
#define __LONG_WIDTH__ 64
#define __PIC__ 2
#define __UINT_FAST32_TYPE__ long unsigned int
#define __FLT32X_NORM_MAX__ 1.79769313486231570814527423731704357e+308F32x
#define __CHAR32_TYPE__ unsigned int
#define __FLT_MAX__ 3.40282346638528859811704183484516925e+38F
#define __SSE2__ 1
#define __INT32_TYPE__ int
#define __SIZEOF_DOUBLE__ 8
#define __FLT_MIN_10_EXP__ (-37)
#define __FLT64_MIN__ 2.22507385850720138309023271733240406e-308F64
#define __INT_LEAST32_WIDTH__ 32
#define __INTMAX_TYPE__ long int
#define __DEC128_MAX_EXP__ 6145
#define __FLT32X_HAS_QUIET_NAN__ 1
#define __ATOMIC_CONSUME 1
#define __GNUC_MINOR__ 2
#define __INT_FAST16_WIDTH__ 64
#define __UINTMAX_MAX__ 0xffffffffffffffffUL
#define __PIE__ 2
#define __FLT32X_DENORM_MIN__ 4.94065645841246544176568792868221372e-324F32x
#define __DBL_MAX_10_EXP__ 308
#define __LDBL_DENORM_MIN__ 3.64519953188247460252840593361941982e-4951L
#define __INT16_C(c) c
#define __STDC__ 1
#define __PTRDIFF_TYPE__ long int
#define __ATOMIC_SEQ_CST 5
#define __FLT32X_MIN_10_EXP__ (-307)
#define __UINTPTR_TYPE__ long unsigned int
#define __DEC64_SUBNORMAL_MIN__ 0.000000000000001E-383DD
#define __DEC128_MANT_DIG__ 34
#define __LDBL_MIN_10_EXP__ (-4931)
#define __SIZEOF_LONG_LONG__ 8
#define __FLT128_DECIMAL_DIG__ 36
#define __GCC_ATOMIC_LLONG_LOCK_FREE 2
#define __FLT32_HAS_QUIET_NAN__ 1
#define __FLT_DECIMAL_DIG__ 9
#define __UINT_FAST16_MAX__ 0xffffffffffffffffUL
#define __LDBL_NORM_MAX__ 1.18973149535723176502126385303097021e+4932L
#define __GCC_ATOMIC_SHORT_LOCK_FREE 2
#define __UINT_FAST8_TYPE__ unsigned char
#define __ATOMIC_ACQ_REL 4
#define __ATOMIC_RELEASE 3

find program=['ar'] paths=['/usr/local/sbin', '/usr/local/bin', '/usr/bin', '/usr/bin/site_perl', '/usr/bin/vendor_perl', '/usr/bin/core_perl'] var='AR' -> ['/usr/bin/ar']
/usr/bin/cc
----------------------------------------
Detected target OS:
os-linux
----------------------------------------
Checking for compiler flags -std=c11
==>

int main(int argc, char **argv) {
	(void)argc; (void)argv;
	return 0;
}

<==
[1/2] Compiling [32mbuild/.conf_check_5ba57603b5d8574b3fc16a75ad22a16c/test.c[0m

['/usr/bin/cc', '-D_ISOC99_SOURCE', '-D_GNU_SOURCE', '-D_FILE_OFFSET_BITS=64', '-Wall', '-std=c11', '../test.c', '-c', '-o/home/ram/.config/mpv/build/.conf_check_5ba57603b5d8574b3fc16a75ad22a16c/testbuild/test.c.1.o']
[2/2] Linking [33mbuild/.conf_check_5ba57603b5d8574b3fc16a75ad22a16c/testbuild/testprog[0m

['/usr/bin/cc', 'test.c.1.o', '-o/home/ram/.config/mpv/build/.conf_check_5ba57603b5d8574b3fc16a75ad22a16c/testbuild/testprog', '-Wl,-Bstatic', '-Wl,-Bdynamic']
yes
-------------------------------------------------------------------------
Checking for compiler flags -Werror -Werror=implicit-function-declaration
==>

int main(int argc, char **argv) {
	(void)argc; (void)argv;
	return 0;
}

<==
[1/2] Compiling [32mbuild/.conf_check_78673e10bd30eb27e6a338fa18863eca/test.c[0m

['/usr/bin/cc', '-D_ISOC99_SOURCE', '-D_GNU_SOURCE', '-D_FILE_OFFSET_BITS=64', '-Wall', '-std=c11', '-O2', '-g', '-Werror', '-Werror=implicit-function-declaration', '../test.c', '-c', '-o/home/ram/.config/mpv/build/.conf_check_78673e10bd30eb27e6a338fa18863eca/testbuild/test.c.1.o']
[2/2] Linking [33mbuild/.conf_check_78673e10bd30eb27e6a338fa18863eca/testbuild/testprog[0m

['/usr/bin/cc', 'test.c.1.o', '-o/home/ram/.config/mpv/build/.conf_check_78673e10bd30eb27e6a338fa18863eca/testbuild/testprog', '-Wl,-Bstatic', '-Wl,-Bdynamic']
yes
-------------------------------------------------------------------------
Checking for compiler flags -Werror -Wno-error=deprecated-declarations
==>

int main(int argc, char **argv) {
	(void)argc; (void)argv;
	return 0;
}

<==
[1/2] Compiling [32mbuild/.conf_check_232eac1f47286e314fd6bcedc1e0a705/test.c[0m

['/usr/bin/cc', '-D_ISOC99_SOURCE', '-D_GNU_SOURCE', '-D_FILE_OFFSET_BITS=64', '-Wall', '-std=c11', '-O2', '-g', '-Werror=implicit-function-declaration', '-Werror', '-Wno-error=deprecated-declarations', '../test.c', '-c', '-o/home/ram/.config/mpv/build/.conf_check_232eac1f47286e314fd6bcedc1e0a705/testbuild/test.c.1.o']
[2/2] Linking [33mbuild/.conf_check_232eac1f47286e314fd6bcedc1e0a705/testbuild/testprog[0m

['/usr/bin/cc', 'test.c.1.o', '-o/home/ram/.config/mpv/build/.conf_check_232eac1f47286e314fd6bcedc1e0a705/testbuild/testprog', '-Wl,-Bstatic', '-Wl,-Bdynamic']
yes
-------------------------------------------------------------------------
Checking for compiler flags -Werror -Wno-error=unused-function
==>

int main(int argc, char **argv) {
	(void)argc; (void)argv;
	return 0;
}

<==
[1/2] Compiling [32mbuild/.conf_check_6e4d66a17fdb012f5710dd97001de572/test.c[0m

['/usr/bin/cc', '-D_ISOC99_SOURCE', '-D_GNU_SOURCE', '-D_FILE_OFFSET_BITS=64', '-Wall', '-std=c11', '-O2', '-g', '-Werror=implicit-function-declaration', '-Wno-error=deprecated-declarations', '-Werror', '-Wno-error=unused-function', '../test.c', '-c', '-o/home/ram/.config/mpv/build/.conf_check_6e4d66a17fdb012f5710dd97001de572/testbuild/test.c.1.o']
[2/2] Linking [33mbuild/.conf_check_6e4d66a17fdb012f5710dd97001de572/testbuild/testprog[0m

['/usr/bin/cc', 'test.c.1.o', '-o/home/ram/.config/mpv/build/.conf_check_6e4d66a17fdb012f5710dd97001de572/testbuild/testprog', '-Wl,-Bstatic', '-Wl,-Bdynamic']
yes
-------------------------------------------------------------------------
Checking for compiler flags -Werror -Wempty-body
==>

int main(int argc, char **argv) {
	(void)argc; (void)argv;
	return 0;
}

<==
[1/2] Compiling [32mbuild/.conf_check_04690fed595d52af7347fc1bc18489ce/test.c[0m

['/usr/bin/cc', '-D_ISOC99_SOURCE', '-D_GNU_SOURCE', '-D_FILE_OFFSET_BITS=64', '-Wall', '-std=c11', '-O2', '-g', '-Werror=implicit-function-declaration', '-Wno-error=deprecated-declarations', '-Wno-error=unused-function', '-Werror', '-Wempty-body', '../test.c', '-c', '-o/home/ram/.config/mpv/build/.conf_check_04690fed595d52af7347fc1bc18489ce/testbuild/test.c.1.o']
[2/2] Linking [33mbuild/.conf_check_04690fed595d52af7347fc1bc18489ce/testbuild/testprog[0m

['/usr/bin/cc', 'test.c.1.o', '-o/home/ram/.config/mpv/build/.conf_check_04690fed595d52af7347fc1bc18489ce/testbuild/testprog', '-Wl,-Bstatic', '-Wl,-Bdynamic']
yes
-------------------------------------------------------------------------
Checking for compiler flags -Werror -Wdisabled-optimization
==>

int main(int argc, char **argv) {
	(void)argc; (void)argv;
	return 0;
}

<==
[1/2] Compiling [32mbuild/.conf_check_8cb80c8f4f9bad42b9db740c6c827d39/test.c[0m

['/usr/bin/cc', '-D_ISOC99_SOURCE', '-D_GNU_SOURCE', '-D_FILE_OFFSET_BITS=64', '-Wall', '-std=c11', '-O2', '-g', '-Werror=implicit-function-declaration', '-Wno-error=deprecated-declarations', '-Wno-error=unused-function', '-Wempty-body', '-Werror', '-Wdisabled-optimization', '../test.c', '-c', '-o/home/ram/.config/mpv/build/.conf_check_8cb80c8f4f9bad42b9db740c6c827d39/testbuild/test.c.1.o']
[2/2] Linking [33mbuild/.conf_check_8cb80c8f4f9bad42b9db740c6c827d39/testbuild/testprog[0m

['/usr/bin/cc', 'test.c.1.o', '-o/home/ram/.config/mpv/build/.conf_check_8cb80c8f4f9bad42b9db740c6c827d39/testbuild/testprog', '-Wl,-Bstatic', '-Wl,-Bdynamic']
yes
-------------------------------------------------------------------------
Checking for compiler flags -Werror -Wstrict-prototypes
==>

int main(int argc, char **argv) {
	(void)argc; (void)argv;
	return 0;
}

<==
[1/2] Compiling [32mbuild/.conf_check_615d3202a53a98f4c2d0b0bc65adc16c/test.c[0m

['/usr/bin/cc', '-D_ISOC99_SOURCE', '-D_GNU_SOURCE', '-D_FILE_OFFSET_BITS=64', '-Wall', '-std=c11', '-O2', '-g', '-Werror=implicit-function-declaration', '-Wno-error=deprecated-declarations', '-Wno-error=unused-function', '-Wempty-body', '-Wdisabled-optimization', '-Werror', '-Wstrict-prototypes', '../test.c', '-c', '-o/home/ram/.config/mpv/build/.conf_check_615d3202a53a98f4c2d0b0bc65adc16c/testbuild/test.c.1.o']
[2/2] Linking [33mbuild/.conf_check_615d3202a53a98f4c2d0b0bc65adc16c/testbuild/testprog[0m

['/usr/bin/cc', 'test.c.1.o', '-o/home/ram/.config/mpv/build/.conf_check_615d3202a53a98f4c2d0b0bc65adc16c/testbuild/testprog', '-Wl,-Bstatic', '-Wl,-Bdynamic']
yes
-------------------------------------------------------------------------
Checking for compiler flags -Werror -Wno-format-zero-length
==>

int main(int argc, char **argv) {
	(void)argc; (void)argv;
	return 0;
}

<==
[1/2] Compiling [32mbuild/.conf_check_8bf1fd5b46fe501cb0ab269368d0b0c8/test.c[0m

['/usr/bin/cc', '-D_ISOC99_SOURCE', '-D_GNU_SOURCE', '-D_FILE_OFFSET_BITS=64', '-Wall', '-std=c11', '-O2', '-g', '-Werror=implicit-function-declaration', '-Wno-error=deprecated-declarations', '-Wno-error=unused-function', '-Wempty-body', '-Wdisabled-optimization', '-Wstrict-prototypes', '-Werror', '-Wno-format-zero-length', '../test.c', '-c', '-o/home/ram/.config/mpv/build/.conf_check_8bf1fd5b46fe501cb0ab269368d0b0c8/testbuild/test.c.1.o']
[2/2] Linking [33mbuild/.conf_check_8bf1fd5b46fe501cb0ab269368d0b0c8/testbuild/testprog[0m

['/usr/bin/cc', 'test.c.1.o', '-o/home/ram/.config/mpv/build/.conf_check_8bf1fd5b46fe501cb0ab269368d0b0c8/testbuild/testprog', '-Wl,-Bstatic', '-Wl,-Bdynamic']
yes
-------------------------------------------------------------------------
Checking for compiler flags -Werror -Werror=format-security
==>

int main(int argc, char **argv) {
	(void)argc; (void)argv;
	return 0;
}

<==
[1/2] Compiling [32mbuild/.conf_check_afbe4e57b4ae0e3169315ec48055dc3e/test.c[0m

['/usr/bin/cc', '-D_ISOC99_SOURCE', '-D_GNU_SOURCE', '-D_FILE_OFFSET_BITS=64', '-Wall', '-std=c11', '-O2', '-g', '-Werror=implicit-function-declaration', '-Wno-error=deprecated-declarations', '-Wno-error=unused-function', '-Wempty-body', '-Wdisabled-optimization', '-Wstrict-prototypes', '-Wno-format-zero-length', '-Werror', '-Werror=format-security', '../test.c', '-c', '-o/home/ram/.config/mpv/build/.conf_check_afbe4e57b4ae0e3169315ec48055dc3e/testbuild/test.c.1.o']
[2/2] Linking [33mbuild/.conf_check_afbe4e57b4ae0e3169315ec48055dc3e/testbuild/testprog[0m

['/usr/bin/cc', 'test.c.1.o', '-o/home/ram/.config/mpv/build/.conf_check_afbe4e57b4ae0e3169315ec48055dc3e/testbuild/testprog', '-Wl,-Bstatic', '-Wl,-Bdynamic']
yes
-------------------------------------------------------------------------
Checking for compiler flags -Werror -Wno-redundant-decls
==>

int main(int argc, char **argv) {
	(void)argc; (void)argv;
	return 0;
}

<==
[1/2] Compiling [32mbuild/.conf_check_6416676b438daf6be13237ea193c677f/test.c[0m

['/usr/bin/cc', '-D_ISOC99_SOURCE', '-D_GNU_SOURCE', '-D_FILE_OFFSET_BITS=64', '-Wall', '-std=c11', '-O2', '-g', '-Werror=implicit-function-declaration', '-Wno-error=deprecated-declarations', '-Wno-error=unused-function', '-Wempty-body', '-Wdisabled-optimization', '-Wstrict-prototypes', '-Wno-format-zero-length', '-Werror=format-security', '-Werror', '-Wno-redundant-decls', '../test.c', '-c', '-o/home/ram/.config/mpv/build/.conf_check_6416676b438daf6be13237ea193c677f/testbuild/test.c.1.o']
[2/2] Linking [33mbuild/.conf_check_6416676b438daf6be13237ea193c677f/testbuild/testprog[0m

['/usr/bin/cc', 'test.c.1.o', '-o/home/ram/.config/mpv/build/.conf_check_6416676b438daf6be13237ea193c677f/testbuild/testprog', '-Wl,-Bstatic', '-Wl,-Bdynamic']
yes
-------------------------------------------------------------------------
Checking for compiler flags -Werror -Wvla
==>

int main(int argc, char **argv) {
	(void)argc; (void)argv;
	return 0;
}

<==
[1/2] Compiling [32mbuild/.conf_check_f1540416faa3bece04bffb0dacd69875/test.c[0m

['/usr/bin/cc', '-D_ISOC99_SOURCE', '-D_GNU_SOURCE', '-D_FILE_OFFSET_BITS=64', '-Wall', '-std=c11', '-O2', '-g', '-Werror=implicit-function-declaration', '-Wno-error=deprecated-declarations', '-Wno-error=unused-function', '-Wempty-body', '-Wdisabled-optimization', '-Wstrict-prototypes', '-Wno-format-zero-length', '-Werror=format-security', '-Wno-redundant-decls', '-Werror', '-Wvla', '../test.c', '-c', '-o/home/ram/.config/mpv/build/.conf_check_f1540416faa3bece04bffb0dacd69875/testbuild/test.c.1.o']
[2/2] Linking [33mbuild/.conf_check_f1540416faa3bece04bffb0dacd69875/testbuild/testprog[0m

['/usr/bin/cc', 'test.c.1.o', '-o/home/ram/.config/mpv/build/.conf_check_f1540416faa3bece04bffb0dacd69875/testbuild/testprog', '-Wl,-Bstatic', '-Wl,-Bdynamic']
yes
-------------------------------------------------------------------------
Checking for compiler flags -Werror -Wno-format-truncation
==>

int main(int argc, char **argv) {
	(void)argc; (void)argv;
	return 0;
}

<==
[1/2] Compiling [32mbuild/.conf_check_b476d074f27739b2ecb60257e1ca1b74/test.c[0m

['/usr/bin/cc', '-D_ISOC99_SOURCE', '-D_GNU_SOURCE', '-D_FILE_OFFSET_BITS=64', '-Wall', '-std=c11', '-O2', '-g', '-Werror=implicit-function-declaration', '-Wno-error=deprecated-declarations', '-Wno-error=unused-function', '-Wempty-body', '-Wdisabled-optimization', '-Wstrict-prototypes', '-Wno-format-zero-length', '-Werror=format-security', '-Wno-redundant-decls', '-Wvla', '-Werror', '-Wno-format-truncation', '../test.c', '-c', '-o/home/ram/.config/mpv/build/.conf_check_b476d074f27739b2ecb60257e1ca1b74/testbuild/test.c.1.o']
[2/2] Linking [33mbuild/.conf_check_b476d074f27739b2ecb60257e1ca1b74/testbuild/testprog[0m

['/usr/bin/cc', 'test.c.1.o', '-o/home/ram/.config/mpv/build/.conf_check_b476d074f27739b2ecb60257e1ca1b74/testbuild/testprog', '-Wl,-Bstatic', '-Wl,-Bdynamic']
yes
-------------------------------------------------------------------------
Checking for compiler flags -Werror -Wimplicit-fallthrough
==>

int main(int argc, char **argv) {
	(void)argc; (void)argv;
	return 0;
}

<==
[1/2] Compiling [32mbuild/.conf_check_e7666d08d108443c841bc0fc49727834/test.c[0m

['/usr/bin/cc', '-D_ISOC99_SOURCE', '-D_GNU_SOURCE', '-D_FILE_OFFSET_BITS=64', '-Wall', '-std=c11', '-O2', '-g', '-Werror=implicit-function-declaration', '-Wno-error=deprecated-declarations', '-Wno-error=unused-function', '-Wempty-body', '-Wdisabled-optimization', '-Wstrict-prototypes', '-Wno-format-zero-length', '-Werror=format-security', '-Wno-redundant-decls', '-Wvla', '-Wno-format-truncation', '-Werror', '-Wimplicit-fallthrough', '../test.c', '-c', '-o/home/ram/.config/mpv/build/.conf_check_e7666d08d108443c841bc0fc49727834/testbuild/test.c.1.o']
[2/2] Linking [33mbuild/.conf_check_e7666d08d108443c841bc0fc49727834/testbuild/testprog[0m

['/usr/bin/cc', 'test.c.1.o', '-o/home/ram/.config/mpv/build/.conf_check_e7666d08d108443c841bc0fc49727834/testbuild/testprog', '-Wl,-Bstatic', '-Wl,-Bdynamic']
yes
-------------------------------------------------------------------------
Checking for compiler flags -Werror -fno-math-errno
==>

int main(int argc, char **argv) {
	(void)argc; (void)argv;
	return 0;
}

<==
[1/2] Compiling [32mbuild/.conf_check_2629e9925b0e95d0968b7bbd53d6bd5d/test.c[0m

['/usr/bin/cc', '-D_ISOC99_SOURCE', '-D_GNU_SOURCE', '-D_FILE_OFFSET_BITS=64', '-Wall', '-std=c11', '-O2', '-g', '-Werror=implicit-function-declaration', '-Wno-error=deprecated-declarations', '-Wno-error=unused-function', '-Wempty-body', '-Wdisabled-optimization', '-Wstrict-prototypes', '-Wno-format-zero-length', '-Werror=format-security', '-Wno-redundant-decls', '-Wvla', '-Wno-format-truncation', '-Wimplicit-fallthrough', '-Werror', '-fno-math-errno', '../test.c', '-c', '-o/home/ram/.config/mpv/build/.conf_check_2629e9925b0e95d0968b7bbd53d6bd5d/testbuild/test.c.1.o']
[2/2] Linking [33mbuild/.conf_check_2629e9925b0e95d0968b7bbd53d6bd5d/testbuild/testprog[0m

['/usr/bin/cc', 'test.c.1.o', '-o/home/ram/.config/mpv/build/.conf_check_2629e9925b0e95d0968b7bbd53d6bd5d/testbuild/testprog', '-Wl,-Bstatic', '-Wl,-Bdynamic']
yes
-------------------------------------------------------------------------
Checking for LGPL (version 2.1 or later) build
disabled
-------------------------------------------------------------------------
Checking for GPL (version 2 or later) build
yes
-------------------------------------------------------------------------
Checking for mpv CLI player
yes
-------------------------------------------------------------------------
Checking for shared library
disabled
-------------------------------------------------------------------------
Checking for static library
disabled
-------------------------------------------------------------------------
Checking for static build
disabled
-------------------------------------------------------------------------
Checking for whether to include binary compile time
yes
-------------------------------------------------------------------------
Checking for whether to optimize
yes
-------------------------------------------------------------------------
Checking for whether to compile-in debugging information
yes
-------------------------------------------------------------------------
Checking for unit tests (development only)
disabled
-------------------------------------------------------------------------
Checking for enable ta leak report by default (development only)
disabled
-------------------------------------------------------------------------
Checking for manpage generation
no (missing RST2MAN)
-------------------------------------------------------------------------
Checking for html manual generation
disabled
-------------------------------------------------------------------------
Checking for pdf manual generation
disabled
-------------------------------------------------------------------------
Checking for dynamic loader
==>
#include <dlfcn.h>
int main(int argc, char **argv)
{ dlopen("", 0); return 0; }
<==
[1/2] Compiling [32mbuild/.conf_check_8a434fe053053559f1c1e17b81691cfa/test.c[0m

['/usr/bin/cc', '-D_ISOC99_SOURCE', '-D_GNU_SOURCE', '-D_FILE_OFFSET_BITS=64', '-Wall', '-std=c11', '-O2', '-g', '-Werror=implicit-function-declaration', '-Wno-error=deprecated-declarations', '-Wno-error=unused-function', '-Wempty-body', '-Wdisabled-optimization', '-Wstrict-prototypes', '-Wno-format-zero-length', '-Werror=format-security', '-Wno-redundant-decls', '-Wvla', '-Wno-format-truncation', '-Wimplicit-fallthrough', '-fno-math-errno', '-Wall', '-Wundef', '-Wmissing-prototypes', '-Wshadow', '-Wno-switch', '-Wparentheses', '-Wpointer-arith', '-Wno-pointer-sign', '-Wno-unused-result', '-DDEFAULT_DVD_DEVICE="/dev/sr0"', '-DDEFAULT_CDROM_DEVICE="/dev/sr0"', '-DHAVE_GPL=1', '-DHAVE_CPLAYER=1', '-DHAVE_BUILD_DATE=1', '-DHAVE_OPTIMIZE=1', '-DHAVE_DEBUG_BUILD=1', '../test.c', '-c', '-o/home/ram/.config/mpv/build/.conf_check_8a434fe053053559f1c1e17b81691cfa/testbuild/test.c.1.o']
[2/2] Linking [33mbuild/.conf_check_8a434fe053053559f1c1e17b81691cfa/testbuild/testprog[0m

['/usr/bin/cc', 'test.c.1.o', '-o/home/ram/.config/mpv/build/.conf_check_8a434fe053053559f1c1e17b81691cfa/testbuild/testprog', '-Wl,-Bstatic', '-Wl,-Bdynamic']
err: /usr/bin/ld: test.c.1.o: in function `main':
/home/ram/.config/mpv/build/.conf_check_8a434fe053053559f1c1e17b81691cfa/testbuild/../test.c:3: undefined reference to `dlopen'
collect2: error: ld returned 1 exit status

from /home/ram/.config/mpv: Test does not build: Traceback (most recent call last):
  File "/home/ram/.config/mpv/.waf3-2.0.20-36f5354d605298f6a89c09e0c7ef6c1d/waflib/Configure.py", line 335, in run_build
    bld.compile()
  File "/home/ram/.config/mpv/.waf3-2.0.20-36f5354d605298f6a89c09e0c7ef6c1d/waflib/Build.py", line 176, in compile
    raise Errors.BuildError(self.producer.error)
waflib.Errors.BuildError: Build failed
 -> task in 'testprog' failed with exit status 1 (run with -v to display more information)

from /home/ram/.config/mpv: The configuration failed
==>
#include <dlfcn.h>
int main(int argc, char **argv)
{ dlopen("", 0); return 0; }
<==
[1/2] Compiling [32mbuild/.conf_check_7bac458097975a9db3389554a33dbc80/test.c[0m

['/usr/bin/cc', '-D_ISOC99_SOURCE', '-D_GNU_SOURCE', '-D_FILE_OFFSET_BITS=64', '-Wall', '-std=c11', '-O2', '-g', '-Werror=implicit-function-declaration', '-Wno-error=deprecated-declarations', '-Wno-error=unused-function', '-Wempty-body', '-Wdisabled-optimization', '-Wstrict-prototypes', '-Wno-format-zero-length', '-Werror=format-security', '-Wno-redundant-decls', '-Wvla', '-Wno-format-truncation', '-Wimplicit-fallthrough', '-fno-math-errno', '-Wall', '-Wundef', '-Wmissing-prototypes', '-Wshadow', '-Wno-switch', '-Wparentheses', '-Wpointer-arith', '-Wno-pointer-sign', '-Wno-unused-result', '-DDEFAULT_DVD_DEVICE="/dev/sr0"', '-DDEFAULT_CDROM_DEVICE="/dev/sr0"', '-DHAVE_GPL=1', '-DHAVE_CPLAYER=1', '-DHAVE_BUILD_DATE=1', '-DHAVE_OPTIMIZE=1', '-DHAVE_DEBUG_BUILD=1', '../test.c', '-c', '-o/home/ram/.config/mpv/build/.conf_check_7bac458097975a9db3389554a33dbc80/testbuild/test.c.1.o']
[2/2] Linking [33mbuild/.conf_check_7bac458097975a9db3389554a33dbc80/testbuild/testprog[0m

['/usr/bin/cc', 'test.c.1.o', '-o/home/ram/.config/mpv/build/.conf_check_7bac458097975a9db3389554a33dbc80/testbuild/testprog', '-Wl,-Bstatic', '-Wl,-Bdynamic', '-ldl']
yes
-------------------------------------------------------------------------
Checking for C plugins
==>

int main(int argc, char **argv) {
	(void)argc; (void)argv;
	return 0;
}

<==
[1/2] Compiling [32mbuild/.conf_check_05057dbe42cd0bb5ddcaea2aade7257a/test.c[0m

['/usr/bin/cc', '-D_ISOC99_SOURCE', '-D_GNU_SOURCE', '-D_FILE_OFFSET_BITS=64', '-Wall', '-std=c11', '-O2', '-g', '-Werror=implicit-function-declaration', '-Wno-error=deprecated-declarations', '-Wno-error=unused-function', '-Wempty-body', '-Wdisabled-optimization', '-Wstrict-prototypes', '-Wno-format-zero-length', '-Werror=format-security', '-Wno-redundant-decls', '-Wvla', '-Wno-format-truncation', '-Wimplicit-fallthrough', '-fno-math-errno', '-Wall', '-Wundef', '-Wmissing-prototypes', '-Wshadow', '-Wno-switch', '-Wparentheses', '-Wpointer-arith', '-Wno-pointer-sign', '-Wno-unused-result', '-DDEFAULT_DVD_DEVICE="/dev/sr0"', '-DDEFAULT_CDROM_DEVICE="/dev/sr0"', '-DHAVE_GPL=1', '-DHAVE_CPLAYER=1', '-DHAVE_BUILD_DATE=1', '-DHAVE_OPTIMIZE=1', '-DHAVE_DEBUG_BUILD=1', '-DHAVE_LIBDL=1', '../test.c', '-c', '-o/home/ram/.config/mpv/build/.conf_check_05057dbe42cd0bb5ddcaea2aade7257a/testbuild/test.c.1.o']
[2/2] Linking [33mbuild/.conf_check_05057dbe42cd0bb5ddcaea2aade7257a/testbuild/testprog[0m

['/usr/bin/cc', '-rdynamic', 'test.c.1.o', '-o/home/ram/.config/mpv/build/.conf_check_05057dbe42cd0bb5ddcaea2aade7257a/testbuild/testprog', '-Wl,-Bstatic', '-Wl,-Bdynamic']
yes
-------------------------------------------------------------------------
Checking for inline assembly (currently without effect)
yes
-------------------------------------------------------------------------
Checking for generate a clang compilation database
disabled
-------------------------------------------------------------------------
Checking for static Swift linking
disabled
-------------------------------------------------------------------------
Checking for compiler support for noexecstack
==>

int main(int argc, char **argv) {
	(void)argc; (void)argv;
	return 0;
}

<==
[1/2] Compiling [32mbuild/.conf_check_7aabb4619c9692e628012173957740fd/test.c[0m

['/usr/bin/cc', '-D_ISOC99_SOURCE', '-D_GNU_SOURCE', '-D_FILE_OFFSET_BITS=64', '-Wall', '-std=c11', '-O2', '-g', '-Werror=implicit-function-declaration', '-Wno-error=deprecated-declarations', '-Wno-error=unused-function', '-Wempty-body', '-Wdisabled-optimization', '-Wstrict-prototypes', '-Wno-format-zero-length', '-Werror=format-security', '-Wno-redundant-decls', '-Wvla', '-Wno-format-truncation', '-Wimplicit-fallthrough', '-fno-math-errno', '-Wall', '-Wundef', '-Wmissing-prototypes', '-Wshadow', '-Wno-switch', '-Wparentheses', '-Wpointer-arith', '-Wno-pointer-sign', '-Wno-unused-result', '-DDEFAULT_DVD_DEVICE="/dev/sr0"', '-DDEFAULT_CDROM_DEVICE="/dev/sr0"', '-DHAVE_GPL=1', '-DHAVE_CPLAYER=1', '-DHAVE_BUILD_DATE=1', '-DHAVE_OPTIMIZE=1', '-DHAVE_DEBUG_BUILD=1', '-DHAVE_LIBDL=1', '-DHAVE_CPLUGINS=1', '-DHAVE_ASM=1', '../test.c', '-c', '-o/home/ram/.config/mpv/build/.conf_check_7aabb4619c9692e628012173957740fd/testbuild/test.c.1.o']
[2/2] Linking [33mbuild/.conf_check_7aabb4619c9692e628012173957740fd/testbuild/testprog[0m

['/usr/bin/cc', '-Wl,-z,noexecstack', 'test.c.1.o', '-o/home/ram/.config/mpv/build/.conf_check_7aabb4619c9692e628012173957740fd/testbuild/testprog', '-Wl,-Bstatic', '-Wl,-Bdynamic']
yes
-------------------------------------------------------------------------
Checking for linker support for --nxcompat --no-seh --dynamicbase
==>

int main(int argc, char **argv) {
	(void)argc; (void)argv;
	return 0;
}

<==
[1/2] Compiling [32mbuild/.conf_check_007537aa449cedf385f4c195bb286b80/test.c[0m

['/usr/bin/cc', '-D_ISOC99_SOURCE', '-D_GNU_SOURCE', '-D_FILE_OFFSET_BITS=64', '-Wall', '-std=c11', '-O2', '-g', '-Werror=implicit-function-declaration', '-Wno-error=deprecated-declarations', '-Wno-error=unused-function', '-Wempty-body', '-Wdisabled-optimization', '-Wstrict-prototypes', '-Wno-format-zero-length', '-Werror=format-security', '-Wno-redundant-decls', '-Wvla', '-Wno-format-truncation', '-Wimplicit-fallthrough', '-fno-math-errno', '-Wall', '-Wundef', '-Wmissing-prototypes', '-Wshadow', '-Wno-switch', '-Wparentheses', '-Wpointer-arith', '-Wno-pointer-sign', '-Wno-unused-result', '-DDEFAULT_DVD_DEVICE="/dev/sr0"', '-DDEFAULT_CDROM_DEVICE="/dev/sr0"', '-DHAVE_GPL=1', '-DHAVE_CPLAYER=1', '-DHAVE_BUILD_DATE=1', '-DHAVE_OPTIMIZE=1', '-DHAVE_DEBUG_BUILD=1', '-DHAVE_LIBDL=1', '-DHAVE_CPLUGINS=1', '-DHAVE_ASM=1', '../test.c', '-c', '-o/home/ram/.config/mpv/build/.conf_check_007537aa449cedf385f4c195bb286b80/testbuild/test.c.1.o']
[2/2] Linking [33mbuild/.conf_check_007537aa449cedf385f4c195bb286b80/testbuild/testprog[0m

['/usr/bin/cc', '-Wl,--nxcompat', '-Wl,--no-seh', '-Wl,--dynamicbase', 'test.c.1.o', '-o/home/ram/.config/mpv/build/.conf_check_007537aa449cedf385f4c195bb286b80/testbuild/testprog', '-Wl,-Bstatic', '-Wl,-Bdynamic']
err: /usr/bin/ld: unrecognized option '--nxcompat'
/usr/bin/ld: use the --help option for usage information
collect2: error: ld returned 1 exit status

from /home/ram/.config/mpv: Test does not build: Traceback (most recent call last):
  File "/home/ram/.config/mpv/.waf3-2.0.20-36f5354d605298f6a89c09e0c7ef6c1d/waflib/Configure.py", line 335, in run_build
    bld.compile()
  File "/home/ram/.config/mpv/.waf3-2.0.20-36f5354d605298f6a89c09e0c7ef6c1d/waflib/Build.py", line 176, in compile
    raise Errors.BuildError(self.producer.error)
waflib.Errors.BuildError: Build failed
 -> task in 'testprog' failed with exit status 1 (run with -v to display more information)

from /home/ram/.config/mpv: The configuration failed
no
-------------------------------------------------------------------------
Checking for -lm
==>

int main(int argc, char **argv) {
	(void)argc; (void)argv;
	return 0;
}

<==
[1/2] Compiling [32mbuild/.conf_check_83caa5299128c6b3c20d65b928effd94/test.c[0m

['/usr/bin/cc', '-D_ISOC99_SOURCE', '-D_GNU_SOURCE', '-D_FILE_OFFSET_BITS=64', '-Wall', '-std=c11', '-O2', '-g', '-Werror=implicit-function-declaration', '-Wno-error=deprecated-declarations', '-Wno-error=unused-function', '-Wempty-body', '-Wdisabled-optimization', '-Wstrict-prototypes', '-Wno-format-zero-length', '-Werror=format-security', '-Wno-redundant-decls', '-Wvla', '-Wno-format-truncation', '-Wimplicit-fallthrough', '-fno-math-errno', '-Wall', '-Wundef', '-Wmissing-prototypes', '-Wshadow', '-Wno-switch', '-Wparentheses', '-Wpointer-arith', '-Wno-pointer-sign', '-Wno-unused-result', '-DDEFAULT_DVD_DEVICE="/dev/sr0"', '-DDEFAULT_CDROM_DEVICE="/dev/sr0"', '-DHAVE_GPL=1', '-DHAVE_CPLAYER=1', '-DHAVE_BUILD_DATE=1', '-DHAVE_OPTIMIZE=1', '-DHAVE_DEBUG_BUILD=1', '-DHAVE_LIBDL=1', '-DHAVE_CPLUGINS=1', '-DHAVE_ASM=1', '../test.c', '-c', '-o/home/ram/.config/mpv/build/.conf_check_83caa5299128c6b3c20d65b928effd94/testbuild/test.c.1.o']
[2/2] Linking [33mbuild/.conf_check_83caa5299128c6b3c20d65b928effd94/testbuild/testprog[0m

['/usr/bin/cc', 'test.c.1.o', '-o/home/ram/.config/mpv/build/.conf_check_83caa5299128c6b3c20d65b928effd94/testbuild/testprog', '-Wl,-Bstatic', '-Wl,-Bdynamic', '-lm']
yes
-------------------------------------------------------------------------
Checking for MinGW
os-win32 not found
-------------------------------------------------------------------------
Checking for POSIX environment
==>
#include <unistd.h>
int main(int argc, char **argv)
{ long x = _POSIX_VERSION; return 0; }
<==
[1/2] Compiling [32mbuild/.conf_check_74afe99aff21e6b0daa26feef85f0b5a/test.c[0m

['/usr/bin/cc', '-D_ISOC99_SOURCE', '-D_GNU_SOURCE', '-D_FILE_OFFSET_BITS=64', '-Wall', '-std=c11', '-O2', '-g', '-Werror=implicit-function-declaration', '-Wno-error=deprecated-declarations', '-Wno-error=unused-function', '-Wempty-body', '-Wdisabled-optimization', '-Wstrict-prototypes', '-Wno-format-zero-length', '-Werror=format-security', '-Wno-redundant-decls', '-Wvla', '-Wno-format-truncation', '-Wimplicit-fallthrough', '-fno-math-errno', '-Wall', '-Wundef', '-Wmissing-prototypes', '-Wshadow', '-Wno-switch', '-Wparentheses', '-Wpointer-arith', '-Wno-pointer-sign', '-Wno-unused-result', '-DDEFAULT_DVD_DEVICE="/dev/sr0"', '-DDEFAULT_CDROM_DEVICE="/dev/sr0"', '-DHAVE_GPL=1', '-DHAVE_CPLAYER=1', '-DHAVE_BUILD_DATE=1', '-DHAVE_OPTIMIZE=1', '-DHAVE_DEBUG_BUILD=1', '-DHAVE_LIBDL=1', '-DHAVE_CPLUGINS=1', '-DHAVE_ASM=1', '-DHAVE_LIBM=1', '../test.c', '-c', '-o/home/ram/.config/mpv/build/.conf_check_74afe99aff21e6b0daa26feef85f0b5a/testbuild/test.c.1.o']
err: ../test.c: In function â€˜mainâ€™:
../test.c:3:8: warning: unused variable â€˜xâ€™ [-Wunused-variable]
    3 | { long x = _POSIX_VERSION; return 0; }
      |        ^

[2/2] Linking [33mbuild/.conf_check_74afe99aff21e6b0daa26feef85f0b5a/testbuild/testprog[0m

['/usr/bin/cc', 'test.c.1.o', '-o/home/ram/.config/mpv/build/.conf_check_74afe99aff21e6b0daa26feef85f0b5a/testbuild/testprog', '-Wl,-Bstatic', '-Wl,-Bdynamic']
yes
-------------------------------------------------------------------------
Checking for Android environment
==>
#include <android/api-level.h>
int main(int argc, char **argv)
{ (void)__ANDROID__; return 0; }
<==
[1/2] Compiling [32mbuild/.conf_check_7144ee2ad9d75f20788d8db2a482f881/test.c[0m

['/usr/bin/cc', '-D_ISOC99_SOURCE', '-D_GNU_SOURCE', '-D_FILE_OFFSET_BITS=64', '-Wall', '-std=c11', '-O2', '-g', '-Werror=implicit-function-declaration', '-Wno-error=deprecated-declarations', '-Wno-error=unused-function', '-Wempty-body', '-Wdisabled-optimization', '-Wstrict-prototypes', '-Wno-format-zero-length', '-Werror=format-security', '-Wno-redundant-decls', '-Wvla', '-Wno-format-truncation', '-Wimplicit-fallthrough', '-fno-math-errno', '-Wall', '-Wundef', '-Wmissing-prototypes', '-Wshadow', '-Wno-switch', '-Wparentheses', '-Wpointer-arith', '-Wno-pointer-sign', '-Wno-unused-result', '-DDEFAULT_DVD_DEVICE="/dev/sr0"', '-DDEFAULT_CDROM_DEVICE="/dev/sr0"', '-DHAVE_GPL=1', '-DHAVE_CPLAYER=1', '-DHAVE_BUILD_DATE=1', '-DHAVE_OPTIMIZE=1', '-DHAVE_DEBUG_BUILD=1', '-DHAVE_LIBDL=1', '-DHAVE_CPLUGINS=1', '-DHAVE_ASM=1', '-DHAVE_LIBM=1', '-DHAVE_POSIX=1', '../test.c', '-c', '-o/home/ram/.config/mpv/build/.conf_check_7144ee2ad9d75f20788d8db2a482f881/testbuild/test.c.1.o']
err: ../test.c:1:10: fatal error: android/api-level.h: No such file or directory
    1 | #include <android/api-level.h>
      |          ^~~~~~~~~~~~~~~~~~~~~
compilation terminated.

from /home/ram/.config/mpv: Test does not build: Traceback (most recent call last):
  File "/home/ram/.config/mpv/.waf3-2.0.20-36f5354d605298f6a89c09e0c7ef6c1d/waflib/Configure.py", line 335, in run_build
    bld.compile()
  File "/home/ram/.config/mpv/.waf3-2.0.20-36f5354d605298f6a89c09e0c7ef6c1d/waflib/Build.py", line 176, in compile
    raise Errors.BuildError(self.producer.error)
waflib.Errors.BuildError: Build failed
 -> task in 'testprog' failed with exit status 1 (run with -v to display more information)

from /home/ram/.config/mpv: The configuration failed
no
-------------------------------------------------------------------------
Checking for tvOS environment
==>
#include <TargetConditionals.h>
#include <assert.h>
int main(int argc, char **argv)
{ static_assert(TARGET_OS_TV, "TARGET_OS_TV defined to zero!"); return 0; }
<==
[1/2] Compiling [32mbuild/.conf_check_a34ef163abcd18bf3aa56d0f72118dbe/test.c[0m

['/usr/bin/cc', '-D_ISOC99_SOURCE', '-D_GNU_SOURCE', '-D_FILE_OFFSET_BITS=64', '-Wall', '-std=c11', '-O2', '-g', '-Werror=implicit-function-declaration', '-Wno-error=deprecated-declarations', '-Wno-error=unused-function', '-Wempty-body', '-Wdisabled-optimization', '-Wstrict-prototypes', '-Wno-format-zero-length', '-Werror=format-security', '-Wno-redundant-decls', '-Wvla', '-Wno-format-truncation', '-Wimplicit-fallthrough', '-fno-math-errno', '-Wall', '-Wundef', '-Wmissing-prototypes', '-Wshadow', '-Wno-switch', '-Wparentheses', '-Wpointer-arith', '-Wno-pointer-sign', '-Wno-unused-result', '-DDEFAULT_DVD_DEVICE="/dev/sr0"', '-DDEFAULT_CDROM_DEVICE="/dev/sr0"', '-DHAVE_GPL=1', '-DHAVE_CPLAYER=1', '-DHAVE_BUILD_DATE=1', '-DHAVE_OPTIMIZE=1', '-DHAVE_DEBUG_BUILD=1', '-DHAVE_LIBDL=1', '-DHAVE_CPLUGINS=1', '-DHAVE_ASM=1', '-DHAVE_LIBM=1', '-DHAVE_POSIX=1', '../test.c', '-c', '-o/home/ram/.config/mpv/build/.conf_check_a34ef163abcd18bf3aa56d0f72118dbe/testbuild/test.c.1.o']
err: ../test.c:1:10: fatal error: TargetConditionals.h: No such file or directory
    1 | #include <TargetConditionals.h>
      |          ^~~~~~~~~~~~~~~~~~~~~~
compilation terminated.

from /home/ram/.config/mpv: Test does not build: Traceback (most recent call last):
  File "/home/ram/.config/mpv/.waf3-2.0.20-36f5354d605298f6a89c09e0c7ef6c1d/waflib/Configure.py", line 335, in run_build
    bld.compile()
  File "/home/ram/.config/mpv/.waf3-2.0.20-36f5354d605298f6a89c09e0c7ef6c1d/waflib/Build.py", line 176, in compile
    raise Errors.BuildError(self.producer.error)
waflib.Errors.BuildError: Build failed
 -> task in 'testprog' failed with exit status 1 (run with -v to display more information)

from /home/ram/.config/mpv: The configuration failed
no
-------------------------------------------------------------------------
Checking for Android EGL support
android not found
-------------------------------------------------------------------------
Checking for development environment
yes
-------------------------------------------------------------------------
Checking for macOS Swift build tools
os-darwin not found
-------------------------------------------------------------------------
Checking for Universal Windows Platform
disabled
-------------------------------------------------------------------------
Checking for win32 desktop APIs
os-win32 not found
-------------------------------------------------------------------------
Checking for internal pthread wrapper for win32 (Vista+)
posix found
-------------------------------------------------------------------------
Checking for POSIX threads
==>
#include <pthread.h>
static void *func(void *arg) { return arg; }
int main(void) {
    pthread_t tid;
    return pthread_create (&tid, 0, func, 0) != 0;
}

<==
[1/2] Compiling [32mbuild/.conf_check_53f19eeabad0b2bbfc1e34ad91aff8fe/test.c[0m

['/usr/bin/cc', '-D_ISOC99_SOURCE', '-D_GNU_SOURCE', '-D_FILE_OFFSET_BITS=64', '-Wall', '-std=c11', '-O2', '-g', '-Werror=implicit-function-declaration', '-Wno-error=deprecated-declarations', '-Wno-error=unused-function', '-Wempty-body', '-Wdisabled-optimization', '-Wstrict-prototypes', '-Wno-format-zero-length', '-Werror=format-security', '-Wno-redundant-decls', '-Wvla', '-Wno-format-truncation', '-Wimplicit-fallthrough', '-fno-math-errno', '-Wall', '-Wundef', '-Wmissing-prototypes', '-Wshadow', '-Wno-switch', '-Wparentheses', '-Wpointer-arith', '-Wno-pointer-sign', '-Wno-unused-result', '-pthread', '-DDEFAULT_DVD_DEVICE="/dev/sr0"', '-DDEFAULT_CDROM_DEVICE="/dev/sr0"', '-DHAVE_GPL=1', '-DHAVE_CPLAYER=1', '-DHAVE_BUILD_DATE=1', '-DHAVE_OPTIMIZE=1', '-DHAVE_DEBUG_BUILD=1', '-DHAVE_LIBDL=1', '-DHAVE_CPLUGINS=1', '-DHAVE_ASM=1', '-DHAVE_LIBM=1', '-DHAVE_POSIX=1', '-DHAVE_POSIX_OR_MINGW=1', '../test.c', '-c', '-o/home/ram/.config/mpv/build/.conf_check_53f19eeabad0b2bbfc1e34ad91aff8fe/testbuild/test.c.1.o']
[2/2] Linking [33mbuild/.conf_check_53f19eeabad0b2bbfc1e34ad91aff8fe/testbuild/testprog[0m

['/usr/bin/cc', 'test.c.1.o', '-o/home/ram/.config/mpv/build/.conf_check_53f19eeabad0b2bbfc1e34ad91aff8fe/testbuild/testprog', '-Wl,-Bstatic', '-Wl,-Bdynamic']
err: /usr/bin/ld: test.c.1.o: in function `main':
/home/ram/.config/mpv/build/.conf_check_53f19eeabad0b2bbfc1e34ad91aff8fe/testbuild/../test.c:5: undefined reference to `pthread_create'
collect2: error: ld returned 1 exit status

from /home/ram/.config/mpv: Test does not build: Traceback (most recent call last):
  File "/home/ram/.config/mpv/.waf3-2.0.20-36f5354d605298f6a89c09e0c7ef6c1d/waflib/Configure.py", line 335, in run_build
    bld.compile()
  File "/home/ram/.config/mpv/.waf3-2.0.20-36f5354d605298f6a89c09e0c7ef6c1d/waflib/Build.py", line 176, in compile
    raise Errors.BuildError(self.producer.error)
waflib.Errors.BuildError: Build failed
 -> task in 'testprog' failed with exit status 1 (run with -v to display more information)

from /home/ram/.config/mpv: The configuration failed
==>
#include <pthread.h>
static void *func(void *arg) { return arg; }
int main(void) {
    pthread_t tid;
    return pthread_create (&tid, 0, func, 0) != 0;
}

<==
[1/2] Compiling [32mbuild/.conf_check_d10f005b3f036d34c6e9c877a130fdf3/test.c[0m

['/usr/bin/cc', '-D_ISOC99_SOURCE', '-D_GNU_SOURCE', '-D_FILE_OFFSET_BITS=64', '-Wall', '-std=c11', '-O2', '-g', '-Werror=implicit-function-declaration', '-Wno-error=deprecated-declarations', '-Wno-error=unused-function', '-Wempty-body', '-Wdisabled-optimization', '-Wstrict-prototypes', '-Wno-format-zero-length', '-Werror=format-security', '-Wno-redundant-decls', '-Wvla', '-Wno-format-truncation', '-Wimplicit-fallthrough', '-fno-math-errno', '-Wall', '-Wundef', '-Wmissing-prototypes', '-Wshadow', '-Wno-switch', '-Wparentheses', '-Wpointer-arith', '-Wno-pointer-sign', '-Wno-unused-result', '-pthread', '-DDEFAULT_DVD_DEVICE="/dev/sr0"', '-DDEFAULT_CDROM_DEVICE="/dev/sr0"', '-DHAVE_GPL=1', '-DHAVE_CPLAYER=1', '-DHAVE_BUILD_DATE=1', '-DHAVE_OPTIMIZE=1', '-DHAVE_DEBUG_BUILD=1', '-DHAVE_LIBDL=1', '-DHAVE_CPLUGINS=1', '-DHAVE_ASM=1', '-DHAVE_LIBM=1', '-DHAVE_POSIX=1', '-DHAVE_POSIX_OR_MINGW=1', '../test.c', '-c', '-o/home/ram/.config/mpv/build/.conf_check_d10f005b3f036d34c6e9c877a130fdf3/testbuild/test.c.1.o']
[2/2] Linking [33mbuild/.conf_check_d10f005b3f036d34c6e9c877a130fdf3/testbuild/testprog[0m

['/usr/bin/cc', '-pthread', 'test.c.1.o', '-o/home/ram/.config/mpv/build/.conf_check_d10f005b3f036d34c6e9c877a130fdf3/testbuild/testprog', '-Wl,-Bstatic', '-Wl,-Bdynamic']
yes
-------------------------------------------------------------------------
Checking for pthread runtime debugging wrappers
disabled
-------------------------------------------------------------------------
Checking for C11 stdatomic.h
==>
#include <stdatomic.h>
int main(int argc, char **argv)
{ atomic_int_least64_t test = ATOMIC_VAR_INIT(123);atomic_fetch_add(&test, 1); return 0; }
<==
[1/2] Compiling [32mbuild/.conf_check_f9a653c7c63ad880df5b3c4bac1a3167/test.c[0m

['/usr/bin/cc', '-D_ISOC99_SOURCE', '-D_GNU_SOURCE', '-D_FILE_OFFSET_BITS=64', '-Wall', '-std=c11', '-O2', '-g', '-Werror=implicit-function-declaration', '-Wno-error=deprecated-declarations', '-Wno-error=unused-function', '-Wempty-body', '-Wdisabled-optimization', '-Wstrict-prototypes', '-Wno-format-zero-length', '-Werror=format-security', '-Wno-redundant-decls', '-Wvla', '-Wno-format-truncation', '-Wimplicit-fallthrough', '-fno-math-errno', '-Wall', '-Wundef', '-Wmissing-prototypes', '-Wshadow', '-Wno-switch', '-Wparentheses', '-Wpointer-arith', '-Wno-pointer-sign', '-Wno-unused-result', '-DDEFAULT_DVD_DEVICE="/dev/sr0"', '-DDEFAULT_CDROM_DEVICE="/dev/sr0"', '-DHAVE_GPL=1', '-DHAVE_CPLAYER=1', '-DHAVE_BUILD_DATE=1', '-DHAVE_OPTIMIZE=1', '-DHAVE_DEBUG_BUILD=1', '-DHAVE_LIBDL=1', '-DHAVE_CPLUGINS=1', '-DHAVE_ASM=1', '-DHAVE_LIBM=1', '-DHAVE_POSIX=1', '-DHAVE_POSIX_OR_MINGW=1', '-DHAVE_PTHREADS=1', '../test.c', '-c', '-o/home/ram/.config/mpv/build/.conf_check_f9a653c7c63ad880df5b3c4bac1a3167/testbuild/test.c.1.o']
[2/2] Linking [33mbuild/.conf_check_f9a653c7c63ad880df5b3c4bac1a3167/testbuild/testprog[0m

['/usr/bin/cc', 'test.c.1.o', '-o/home/ram/.config/mpv/build/.conf_check_f9a653c7c63ad880df5b3c4bac1a3167/testbuild/testprog', '-Wl,-Bstatic', '-Wl,-Bdynamic']
yes
-------------------------------------------------------------------------
Checking for linking with -lrt
==>

int main(int argc, char **argv) {
	(void)argc; (void)argv;
	return 0;
}

<==
[1/2] Compiling [32mbuild/.conf_check_58e4e584ff2bfea83e48305e923d2cec/test.c[0m

['/usr/bin/cc', '-D_ISOC99_SOURCE', '-D_GNU_SOURCE', '-D_FILE_OFFSET_BITS=64', '-Wall', '-std=c11', '-O2', '-g', '-Werror=implicit-function-declaration', '-Wno-error=deprecated-declarations', '-Wno-error=unused-function', '-Wempty-body', '-Wdisabled-optimization', '-Wstrict-prototypes', '-Wno-format-zero-length', '-Werror=format-security', '-Wno-redundant-decls', '-Wvla', '-Wno-format-truncation', '-Wimplicit-fallthrough', '-fno-math-errno', '-Wall', '-Wundef', '-Wmissing-prototypes', '-Wshadow', '-Wno-switch', '-Wparentheses', '-Wpointer-arith', '-Wno-pointer-sign', '-Wno-unused-result', '-DDEFAULT_DVD_DEVICE="/dev/sr0"', '-DDEFAULT_CDROM_DEVICE="/dev/sr0"', '-DHAVE_GPL=1', '-DHAVE_CPLAYER=1', '-DHAVE_BUILD_DATE=1', '-DHAVE_OPTIMIZE=1', '-DHAVE_DEBUG_BUILD=1', '-DHAVE_LIBDL=1', '-DHAVE_CPLUGINS=1', '-DHAVE_ASM=1', '-DHAVE_LIBM=1', '-DHAVE_POSIX=1', '-DHAVE_POSIX_OR_MINGW=1', '-DHAVE_PTHREADS=1', '-DHAVE_STDATOMIC=1', '../test.c', '-c', '-o/home/ram/.config/mpv/build/.conf_check_58e4e584ff2bfea83e48305e923d2cec/testbuild/test.c.1.o']
[2/2] Linking [33mbuild/.conf_check_58e4e584ff2bfea83e48305e923d2cec/testbuild/testprog[0m

['/usr/bin/cc', 'test.c.1.o', '-o/home/ram/.config/mpv/build/.conf_check_58e4e584ff2bfea83e48305e923d2cec/testbuild/testprog', '-Wl,-Bstatic', '-Wl,-Bdynamic', '-lrt']
yes
-------------------------------------------------------------------------
Checking for iconv
==>
#include <stdio.h>
#include <unistd.h>
#include <iconv.h>
#define INBUFSIZE 1024
#define OUTBUFSIZE 4096

char inbuffer[INBUFSIZE];
char outbuffer[OUTBUFSIZE];

int main(void) {
  size_t numread;
  iconv_t icdsc;
  char *tocode="UTF-8";
  char *fromcode="cp1250";
  if ((icdsc = iconv_open(tocode, fromcode)) != (iconv_t)(-1)) {
    while ((numread = read(0, inbuffer, INBUFSIZE))) {
      char *iptr=inbuffer;
      char *optr=outbuffer;
      size_t inleft=numread;
      size_t outleft=OUTBUFSIZE;
      if (iconv(icdsc, &iptr, &inleft, &optr, &outleft)
          != (size_t)(-1)) {
        write(1, outbuffer, OUTBUFSIZE - outleft);
      }
    }
    if (iconv_close(icdsc) == -1)
      ;
  }
  return 0;
}

<==
[1/2] Compiling [32mbuild/.conf_check_8e46d5179a7baee80c5bde3d8e886731/test.c[0m

['/usr/bin/cc', '-D_ISOC99_SOURCE', '-D_GNU_SOURCE', '-D_FILE_OFFSET_BITS=64', '-Wall', '-std=c11', '-O2', '-g', '-Werror=implicit-function-declaration', '-Wno-error=deprecated-declarations', '-Wno-error=unused-function', '-Wempty-body', '-Wdisabled-optimization', '-Wstrict-prototypes', '-Wno-format-zero-length', '-Werror=format-security', '-Wno-redundant-decls', '-Wvla', '-Wno-format-truncation', '-Wimplicit-fallthrough', '-fno-math-errno', '-Wall', '-Wundef', '-Wmissing-prototypes', '-Wshadow', '-Wno-switch', '-Wparentheses', '-Wpointer-arith', '-Wno-pointer-sign', '-Wno-unused-result', '-DDEFAULT_DVD_DEVICE="/dev/sr0"', '-DDEFAULT_CDROM_DEVICE="/dev/sr0"', '-DHAVE_GPL=1', '-DHAVE_CPLAYER=1', '-DHAVE_BUILD_DATE=1', '-DHAVE_OPTIMIZE=1', '-DHAVE_DEBUG_BUILD=1', '-DHAVE_LIBDL=1', '-DHAVE_CPLUGINS=1', '-DHAVE_ASM=1', '-DHAVE_LIBM=1', '-DHAVE_POSIX=1', '-DHAVE_POSIX_OR_MINGW=1', '-DHAVE_PTHREADS=1', '-DHAVE_STDATOMIC=1', '-DHAVE_LIBRT=1', '../test.c', '-c', '-o/home/ram/.config/mpv/build/.conf_check_8e46d5179a7baee80c5bde3d8e886731/testbuild/test.c.1.o']
err: ../test.c: In function â€˜mainâ€™:
../test.c:27:7: warning: suggest braces around empty body in an â€˜ifâ€™ statement [-Wempty-body]
   27 |       ;
      |       ^

[2/2] Linking [33mbuild/.conf_check_8e46d5179a7baee80c5bde3d8e886731/testbuild/testprog[0m

['/usr/bin/cc', 'test.c.1.o', '-o/home/ram/.config/mpv/build/.conf_check_8e46d5179a7baee80c5bde3d8e886731/testbuild/testprog', '-Wl,-Bstatic', '-Wl,-Bdynamic']
yes
-------------------------------------------------------------------------
Checking for w32/dos paths
os-win32 not found
-------------------------------------------------------------------------
Checking for glob() POSIX support
==>
#include <glob.h>
int main(int argc, char **argv)
{ glob("filename", 0, 0, 0); return 0; }
<==
[1/2] Compiling [32mbuild/.conf_check_2f4fc530d2f648ffa8e0df0b0ee20fdf/test.c[0m

['/usr/bin/cc', '-D_ISOC99_SOURCE', '-D_GNU_SOURCE', '-D_FILE_OFFSET_BITS=64', '-Wall', '-std=c11', '-O2', '-g', '-Werror=implicit-function-declaration', '-Wno-error=deprecated-declarations', '-Wno-error=unused-function', '-Wempty-body', '-Wdisabled-optimization', '-Wstrict-prototypes', '-Wno-format-zero-length', '-Werror=format-security', '-Wno-redundant-decls', '-Wvla', '-Wno-format-truncation', '-Wimplicit-fallthrough', '-fno-math-errno', '-Wall', '-Wundef', '-Wmissing-prototypes', '-Wshadow', '-Wno-switch', '-Wparentheses', '-Wpointer-arith', '-Wno-pointer-sign', '-Wno-unused-result', '-DDEFAULT_DVD_DEVICE="/dev/sr0"', '-DDEFAULT_CDROM_DEVICE="/dev/sr0"', '-DHAVE_GPL=1', '-DHAVE_CPLAYER=1', '-DHAVE_BUILD_DATE=1', '-DHAVE_OPTIMIZE=1', '-DHAVE_DEBUG_BUILD=1', '-DHAVE_LIBDL=1', '-DHAVE_CPLUGINS=1', '-DHAVE_ASM=1', '-DHAVE_LIBM=1', '-DHAVE_POSIX=1', '-DHAVE_POSIX_OR_MINGW=1', '-DHAVE_PTHREADS=1', '-DHAVE_STDATOMIC=1', '-DHAVE_LIBRT=1', '-DHAVE_ICONV=1', '../test.c', '-c', '-o/home/ram/.config/mpv/build/.conf_check_2f4fc530d2f648ffa8e0df0b0ee20fdf/testbuild/test.c.1.o']
[2/2] Linking [33mbuild/.conf_check_2f4fc530d2f648ffa8e0df0b0ee20fdf/testbuild/testprog[0m

['/usr/bin/cc', 'test.c.1.o', '-o/home/ram/.config/mpv/build/.conf_check_2f4fc530d2f648ffa8e0df0b0ee20fdf/testbuild/testprog', '-Wl,-Bstatic', '-Wl,-Bdynamic']
yes
-------------------------------------------------------------------------
Checking for glob() win32 replacement
posix found
-------------------------------------------------------------------------
Checking for any glob() support
yes
-------------------------------------------------------------------------
Checking for vt.h
==>
#include <sys/vt.h>
#include <sys/ioctl.h>
int main(int argc, char **argv)
{ int m; ioctl(0, VT_GETMODE, &m); return 0; }
<==
[1/2] Compiling [32mbuild/.conf_check_4285cc8c9916066b535a29e40b3d0d1a/test.c[0m

['/usr/bin/cc', '-D_ISOC99_SOURCE', '-D_GNU_SOURCE', '-D_FILE_OFFSET_BITS=64', '-Wall', '-std=c11', '-O2', '-g', '-Werror=implicit-function-declaration', '-Wno-error=deprecated-declarations', '-Wno-error=unused-function', '-Wempty-body', '-Wdisabled-optimization', '-Wstrict-prototypes', '-Wno-format-zero-length', '-Werror=format-security', '-Wno-redundant-decls', '-Wvla', '-Wno-format-truncation', '-Wimplicit-fallthrough', '-fno-math-errno', '-Wall', '-Wundef', '-Wmissing-prototypes', '-Wshadow', '-Wno-switch', '-Wparentheses', '-Wpointer-arith', '-Wno-pointer-sign', '-Wno-unused-result', '-DDEFAULT_DVD_DEVICE="/dev/sr0"', '-DDEFAULT_CDROM_DEVICE="/dev/sr0"', '-DHAVE_GPL=1', '-DHAVE_CPLAYER=1', '-DHAVE_BUILD_DATE=1', '-DHAVE_OPTIMIZE=1', '-DHAVE_DEBUG_BUILD=1', '-DHAVE_LIBDL=1', '-DHAVE_CPLUGINS=1', '-DHAVE_ASM=1', '-DHAVE_LIBM=1', '-DHAVE_POSIX=1', '-DHAVE_POSIX_OR_MINGW=1', '-DHAVE_PTHREADS=1', '-DHAVE_STDATOMIC=1', '-DHAVE_LIBRT=1', '-DHAVE_ICONV=1', '-DHAVE_GLOB_POSIX=1', '-DHAVE_GLOB=1', '../test.c', '-c', '-o/home/ram/.config/mpv/build/.conf_check_4285cc8c9916066b535a29e40b3d0d1a/testbuild/test.c.1.o']
[2/2] Linking [33mbuild/.conf_check_4285cc8c9916066b535a29e40b3d0d1a/testbuild/testprog[0m

['/usr/bin/cc', 'test.c.1.o', '-o/home/ram/.config/mpv/build/.conf_check_4285cc8c9916066b535a29e40b3d0d1a/testbuild/testprog', '-Wl,-Bstatic', '-Wl,-Bdynamic']
yes
-------------------------------------------------------------------------
Checking for consio.h
vt.h found
-------------------------------------------------------------------------
Checking for gbm.h
==>
#include <stdio.h>
#include <gbm.h>

int main(int argc, char **argv) {
	(void)argc; (void)argv;
	return 0;
}

<==
[1/2] Compiling [32mbuild/.conf_check_1541aa72f7e1333852c96e0aae491e69/test.c[0m

['/usr/bin/cc', '-D_ISOC99_SOURCE', '-D_GNU_SOURCE', '-D_FILE_OFFSET_BITS=64', '-Wall', '-std=c11', '-O2', '-g', '-Werror=implicit-function-declaration', '-Wno-error=deprecated-declarations', '-Wno-error=unused-function', '-Wempty-body', '-Wdisabled-optimization', '-Wstrict-prototypes', '-Wno-format-zero-length', '-Werror=format-security', '-Wno-redundant-decls', '-Wvla', '-Wno-format-truncation', '-Wimplicit-fallthrough', '-fno-math-errno', '-Wall', '-Wundef', '-Wmissing-prototypes', '-Wshadow', '-Wno-switch', '-Wparentheses', '-Wpointer-arith', '-Wno-pointer-sign', '-Wno-unused-result', '-DDEFAULT_DVD_DEVICE="/dev/sr0"', '-DDEFAULT_CDROM_DEVICE="/dev/sr0"', '-DHAVE_GPL=1', '-DHAVE_CPLAYER=1', '-DHAVE_BUILD_DATE=1', '-DHAVE_OPTIMIZE=1', '-DHAVE_DEBUG_BUILD=1', '-DHAVE_LIBDL=1', '-DHAVE_CPLUGINS=1', '-DHAVE_ASM=1', '-DHAVE_LIBM=1', '-DHAVE_POSIX=1', '-DHAVE_POSIX_OR_MINGW=1', '-DHAVE_PTHREADS=1', '-DHAVE_STDATOMIC=1', '-DHAVE_LIBRT=1', '-DHAVE_ICONV=1', '-DHAVE_GLOB_POSIX=1', '-DHAVE_GLOB=1', '-DHAVE_VT_H=1', '../test.c', '-c', '-o/home/ram/.config/mpv/build/.conf_check_1541aa72f7e1333852c96e0aae491e69/testbuild/test.c.1.o']
[2/2] Linking [33mbuild/.conf_check_1541aa72f7e1333852c96e0aae491e69/testbuild/testprog[0m

['/usr/bin/cc', 'test.c.1.o', '-o/home/ram/.config/mpv/build/.conf_check_1541aa72f7e1333852c96e0aae491e69/testbuild/testprog', '-Wl,-Bstatic', '-Wl,-Bdynamic']
yes
-------------------------------------------------------------------------
Checking for GLIBC API for setting thread name
==>
#include <pthread.h>
int main(int argc, char **argv)
{ pthread_setname_np(pthread_self(), "ducks"); return 0; }
<==
[1/2] Compiling [32mbuild/.conf_check_03206d0b58438dc70d282f440e45e7d9/test.c[0m

['/usr/bin/cc', '-D_ISOC99_SOURCE', '-D_GNU_SOURCE', '-D_FILE_OFFSET_BITS=64', '-Wall', '-std=c11', '-O2', '-g', '-Werror=implicit-function-declaration', '-Wno-error=deprecated-declarations', '-Wno-error=unused-function', '-Wempty-body', '-Wdisabled-optimization', '-Wstrict-prototypes', '-Wno-format-zero-length', '-Werror=format-security', '-Wno-redundant-decls', '-Wvla', '-Wno-format-truncation', '-Wimplicit-fallthrough', '-fno-math-errno', '-Wall', '-Wundef', '-Wmissing-prototypes', '-Wshadow', '-Wno-switch', '-Wparentheses', '-Wpointer-arith', '-Wno-pointer-sign', '-Wno-unused-result', '-pthread', '-DDEFAULT_DVD_DEVICE="/dev/sr0"', '-DDEFAULT_CDROM_DEVICE="/dev/sr0"', '-DHAVE_GPL=1', '-DHAVE_CPLAYER=1', '-DHAVE_BUILD_DATE=1', '-DHAVE_OPTIMIZE=1', '-DHAVE_DEBUG_BUILD=1', '-DHAVE_LIBDL=1', '-DHAVE_CPLUGINS=1', '-DHAVE_ASM=1', '-DHAVE_LIBM=1', '-DHAVE_POSIX=1', '-DHAVE_POSIX_OR_MINGW=1', '-DHAVE_PTHREADS=1', '-DHAVE_STDATOMIC=1', '-DHAVE_LIBRT=1', '-DHAVE_ICONV=1', '-DHAVE_GLOB_POSIX=1', '-DHAVE_GLOB=1', '-DHAVE_VT_H=1', '-DHAVE_GBM_H=1', '../test.c', '-c', '-o/home/ram/.config/mpv/build/.conf_check_03206d0b58438dc70d282f440e45e7d9/testbuild/test.c.1.o']
[2/2] Linking [33mbuild/.conf_check_03206d0b58438dc70d282f440e45e7d9/testbuild/testprog[0m

['/usr/bin/cc', '-pthread', 'test.c.1.o', '-o/home/ram/.config/mpv/build/.conf_check_03206d0b58438dc70d282f440e45e7d9/testbuild/testprog', '-Wl,-Bstatic', '-Wl,-Bdynamic']
yes
-------------------------------------------------------------------------
Checking for OSX API for setting thread name
glibc-thread-name found
-------------------------------------------------------------------------
Checking for BSD API for setting thread name
glibc-thread-name found
-------------------------------------------------------------------------
Checking for BSD's fstatfs()
==>
#include <sys/param.h>
#include <sys/mount.h>
int main(int argc, char **argv)
{ struct statfs fs; fstatfs(0, &fs); fs.f_fstypename; return 0; }
<==
[1/2] Compiling [32mbuild/.conf_check_f5f1d2db2cee266f9cc59424f4aa8611/test.c[0m

['/usr/bin/cc', '-D_ISOC99_SOURCE', '-D_GNU_SOURCE', '-D_FILE_OFFSET_BITS=64', '-Wall', '-std=c11', '-O2', '-g', '-Werror=implicit-function-declaration', '-Wno-error=deprecated-declarations', '-Wno-error=unused-function', '-Wempty-body', '-Wdisabled-optimization', '-Wstrict-prototypes', '-Wno-format-zero-length', '-Werror=format-security', '-Wno-redundant-decls', '-Wvla', '-Wno-format-truncation', '-Wimplicit-fallthrough', '-fno-math-errno', '-Wall', '-Wundef', '-Wmissing-prototypes', '-Wshadow', '-Wno-switch', '-Wparentheses', '-Wpointer-arith', '-Wno-pointer-sign', '-Wno-unused-result', '-DDEFAULT_DVD_DEVICE="/dev/sr0"', '-DDEFAULT_CDROM_DEVICE="/dev/sr0"', '-DHAVE_GPL=1', '-DHAVE_CPLAYER=1', '-DHAVE_BUILD_DATE=1', '-DHAVE_OPTIMIZE=1', '-DHAVE_DEBUG_BUILD=1', '-DHAVE_LIBDL=1', '-DHAVE_CPLUGINS=1', '-DHAVE_ASM=1', '-DHAVE_LIBM=1', '-DHAVE_POSIX=1', '-DHAVE_POSIX_OR_MINGW=1', '-DHAVE_PTHREADS=1', '-DHAVE_STDATOMIC=1', '-DHAVE_LIBRT=1', '-DHAVE_ICONV=1', '-DHAVE_GLOB_POSIX=1', '-DHAVE_GLOB=1', '-DHAVE_VT_H=1', '-DHAVE_GBM_H=1', '-DHAVE_GLIBC_THREAD_NAME=1', '../test.c', '-c', '-o/home/ram/.config/mpv/build/.conf_check_f5f1d2db2cee266f9cc59424f4aa8611/testbuild/test.c.1.o']
err: ../test.c: In function â€˜mainâ€™:
../test.c:4:17: error: storage size of â€˜fsâ€™ isnâ€™t known
    4 | { struct statfs fs; fstatfs(0, &fs); fs.f_fstypename; return 0; }
      |                 ^~
../test.c:4:21: error: implicit declaration of function â€˜fstatfsâ€™ [-Werror=implicit-function-declaration]
    4 | { struct statfs fs; fstatfs(0, &fs); fs.f_fstypename; return 0; }
      |                     ^~~~~~~
../test.c:4:17: warning: unused variable â€˜fsâ€™ [-Wunused-variable]
    4 | { struct statfs fs; fstatfs(0, &fs); fs.f_fstypename; return 0; }
      |                 ^~
cc1: some warnings being treated as errors

from /home/ram/.config/mpv: Test does not build: Traceback (most recent call last):
  File "/home/ram/.config/mpv/.waf3-2.0.20-36f5354d605298f6a89c09e0c7ef6c1d/waflib/Configure.py", line 335, in run_build
    bld.compile()
  File "/home/ram/.config/mpv/.waf3-2.0.20-36f5354d605298f6a89c09e0c7ef6c1d/waflib/Build.py", line 176, in compile
    raise Errors.BuildError(self.producer.error)
waflib.Errors.BuildError: Build failed
 -> task in 'testprog' failed with exit status 1 (run with -v to display more information)

from /home/ram/.config/mpv: The configuration failed
no
-------------------------------------------------------------------------
Checking for Linux's fstatfs()
==>
#include <sys/vfs.h>
int main(int argc, char **argv)
{ struct statfs fs; fstatfs(0, &fs); fs.f_namelen; return 0; }
<==
[1/2] Compiling [32mbuild/.conf_check_d881d27cfa4de5df33d1bfded1dda5ee/test.c[0m

['/usr/bin/cc', '-D_ISOC99_SOURCE', '-D_GNU_SOURCE', '-D_FILE_OFFSET_BITS=64', '-Wall', '-std=c11', '-O2', '-g', '-Werror=implicit-function-declaration', '-Wno-error=deprecated-declarations', '-Wno-error=unused-function', '-Wempty-body', '-Wdisabled-optimization', '-Wstrict-prototypes', '-Wno-format-zero-length', '-Werror=format-security', '-Wno-redundant-decls', '-Wvla', '-Wno-format-truncation', '-Wimplicit-fallthrough', '-fno-math-errno', '-Wall', '-Wundef', '-Wmissing-prototypes', '-Wshadow', '-Wno-switch', '-Wparentheses', '-Wpointer-arith', '-Wno-pointer-sign', '-Wno-unused-result', '-DDEFAULT_DVD_DEVICE="/dev/sr0"', '-DDEFAULT_CDROM_DEVICE="/dev/sr0"', '-DHAVE_GPL=1', '-DHAVE_CPLAYER=1', '-DHAVE_BUILD_DATE=1', '-DHAVE_OPTIMIZE=1', '-DHAVE_DEBUG_BUILD=1', '-DHAVE_LIBDL=1', '-DHAVE_CPLUGINS=1', '-DHAVE_ASM=1', '-DHAVE_LIBM=1', '-DHAVE_POSIX=1', '-DHAVE_POSIX_OR_MINGW=1', '-DHAVE_PTHREADS=1', '-DHAVE_STDATOMIC=1', '-DHAVE_LIBRT=1', '-DHAVE_ICONV=1', '-DHAVE_GLOB_POSIX=1', '-DHAVE_GLOB=1', '-DHAVE_VT_H=1', '-DHAVE_GBM_H=1', '-DHAVE_GLIBC_THREAD_NAME=1', '../test.c', '-c', '-o/home/ram/.config/mpv/build/.conf_check_d881d27cfa4de5df33d1bfded1dda5ee/testbuild/test.c.1.o']
err: ../test.c: In function â€˜mainâ€™:
../test.c:3:40: warning: statement with no effect [-Wunused-value]
    3 | { struct statfs fs; fstatfs(0, &fs); fs.f_namelen; return 0; }
      |                                      ~~^~~~~~~~~~

[2/2] Linking [33mbuild/.conf_check_d881d27cfa4de5df33d1bfded1dda5ee/testbuild/testprog[0m

['/usr/bin/cc', 'test.c.1.o', '-o/home/ram/.config/mpv/build/.conf_check_d881d27cfa4de5df33d1bfded1dda5ee/testbuild/testprog', '-Wl,-Bstatic', '-Wl,-Bdynamic']
yes
-------------------------------------------------------------------------
Checking for Linux's input-event-codes.h
==>
#include <linux/input-event-codes.h>

int main(int argc, char **argv) {
	(void)argc; (void)argv;
	return 0;
}

<==
[1/2] Compiling [32mbuild/.conf_check_db45c618bc37fda281d440f157cbea44/test.c[0m

['/usr/bin/cc', '-D_ISOC99_SOURCE', '-D_GNU_SOURCE', '-D_FILE_OFFSET_BITS=64', '-Wall', '-std=c11', '-O2', '-g', '-Werror=implicit-function-declaration', '-Wno-error=deprecated-declarations', '-Wno-error=unused-function', '-Wempty-body', '-Wdisabled-optimization', '-Wstrict-prototypes', '-Wno-format-zero-length', '-Werror=format-security', '-Wno-redundant-decls', '-Wvla', '-Wno-format-truncation', '-Wimplicit-fallthrough', '-fno-math-errno', '-Wall', '-Wundef', '-Wmissing-prototypes', '-Wshadow', '-Wno-switch', '-Wparentheses', '-Wpointer-arith', '-Wno-pointer-sign', '-Wno-unused-result', '-DDEFAULT_DVD_DEVICE="/dev/sr0"', '-DDEFAULT_CDROM_DEVICE="/dev/sr0"', '-DHAVE_GPL=1', '-DHAVE_CPLAYER=1', '-DHAVE_BUILD_DATE=1', '-DHAVE_OPTIMIZE=1', '-DHAVE_DEBUG_BUILD=1', '-DHAVE_LIBDL=1', '-DHAVE_CPLUGINS=1', '-DHAVE_ASM=1', '-DHAVE_LIBM=1', '-DHAVE_POSIX=1', '-DHAVE_POSIX_OR_MINGW=1', '-DHAVE_PTHREADS=1', '-DHAVE_STDATOMIC=1', '-DHAVE_LIBRT=1', '-DHAVE_ICONV=1', '-DHAVE_GLOB_POSIX=1', '-DHAVE_GLOB=1', '-DHAVE_VT_H=1', '-DHAVE_GBM_H=1', '-DHAVE_GLIBC_THREAD_NAME=1', '-DHAVE_LINUX_FSTATFS=1', '../test.c', '-c', '-o/home/ram/.config/mpv/build/.conf_check_db45c618bc37fda281d440f157cbea44/testbuild/test.c.1.o']
[2/2] Linking [33mbuild/.conf_check_db45c618bc37fda281d440f157cbea44/testbuild/testprog[0m

['/usr/bin/cc', 'test.c.1.o', '-o/home/ram/.config/mpv/build/.conf_check_db45c618bc37fda281d440f157cbea44/testbuild/testprog', '-Wl,-Bstatic', '-Wl,-Bdynamic']
yes
-------------------------------------------------------------------------
Checking for Lua
['/usr/bin/pkg-config', 'lua >= 5.2.0 lua < 5.3.0', '--libs', '--cflags', 'lua', '>=', '5.2.0', 'lua', '<', '5.3.0']
err: Package lua was not found in the pkg-config search path.
Perhaps you should add the directory containing `lua.pc'
to the PKG_CONFIG_PATH environment variable
Package 'lua', required by 'virtual:world', not found
Package 'lua', required by 'virtual:world', not found
Package 'lua', required by 'virtual:world', not found
Package 'lua', required by 'virtual:world', not found

from /home/ram/.config/mpv: The configuration failed
['/usr/bin/pkg-config', 'lua52 >= 5.2.0', '--libs', '--cflags', 'lua52', '>=', '5.2.0']
out: -I/usr/include/lua5.2 -llua5.2 -lm 

yes (version found: 52arch)
-------------------------------------------------------------------------
Checking for Javascript (MuJS backend)
['/usr/bin/pkg-config', 'mujs >= 1.0.0', '--libs', '--cflags', 'mujs']
out: -lmujs 

yes
-------------------------------------------------------------------------
Checking for SSA/ASS support
['/usr/bin/pkg-config', 'libass >= 0.12.2', '--libs', '--cflags', 'libass']
out: -I/usr/include/freetype2 -I/usr/include/libpng16 -I/usr/include/harfbuzz -I/usr/include/glib-2.0 -I/usr/lib/glib-2.0/include -I/usr/include/fribidi -lass 

yes
-------------------------------------------------------------------------
Checking for zlib
['/usr/bin/pkg-config', 'zlib', '--libs', '--cflags', 'zlib']
out: -lz 

yes
-------------------------------------------------------------------------
Checking for Bluray support
['/usr/bin/pkg-config', 'libbluray >= 0.3.0', '--libs', '--cflags', 'libbluray']
out: -I/usr/include/libxml2 -I/usr/include/freetype2 -I/usr/include/libpng16 -I/usr/include/harfbuzz -I/usr/include/glib-2.0 -I/usr/lib/glib-2.0/include -lbluray 

yes
-------------------------------------------------------------------------
Checking for dvdnav support
disabled
-------------------------------------------------------------------------
Checking for cdda support (libcdio)
disabled
-------------------------------------------------------------------------
Checking for uchardet support
['/usr/bin/pkg-config', 'uchardet', '--libs', '--cflags', 'uchardet']
out: -I/usr/include/uchardet -luchardet 

yes
-------------------------------------------------------------------------
Checking for librubberband support
['/usr/bin/pkg-config', 'rubberband >= 1.8.0', '--libs', '--cflags', 'rubberband']
out: -lrubberband 

yes
-------------------------------------------------------------------------
Checking for libzimg support (high quality software scaler)
['/usr/bin/pkg-config', 'zimg >= 2.9', '--libs', '--cflags', 'zimg']
err: Package zimg was not found in the pkg-config search path.
Perhaps you should add the directory containing `zimg.pc'
to the PKG_CONFIG_PATH environment variable
Package 'zimg', required by 'virtual:world', not found
Package 'zimg', required by 'virtual:world', not found

from /home/ram/.config/mpv: The configuration failed
no ('zimg >= 2.9' not found)
-------------------------------------------------------------------------
Checking for LCMS2 support
['/usr/bin/pkg-config', 'lcms2 >= 2.6', '--libs', '--cflags', 'lcms2']
out: -llcms2 

yes
-------------------------------------------------------------------------
Checking for VapourSynth filter bridge
['/usr/bin/pkg-config', 'vapoursynth >= 24', 'vapoursynth-script >= 23', '--libs', '--cflags', 'vapoursynth', 'vapoursynth-script']
err: Package vapoursynth was not found in the pkg-config search path.
Perhaps you should add the directory containing `vapoursynth.pc'
to the PKG_CONFIG_PATH environment variable
Package 'vapoursynth', required by 'virtual:world', not found
Package 'vapoursynth-script', required by 'virtual:world', not found
Package 'vapoursynth', required by 'virtual:world', not found
Package 'vapoursynth-script', required by 'virtual:world', not found

from /home/ram/.config/mpv: The configuration failed
no ('vapoursynth >= 24 vapoursynth-script >= 23' not found)
-------------------------------------------------------------------------
Checking for libarchive wrapper for reading zip files and more
['/usr/bin/pkg-config', 'libarchive >= 3.4.0', '--libs', '--cflags', 'libarchive', '>=', '3.4.0']
out: -larchive 

yes
-------------------------------------------------------------------------
Checking for DVB input module
disabled
-------------------------------------------------------------------------
Checking for SDL2
disabled
-------------------------------------------------------------------------
Checking for SDL2 gamepad input
sdl2 not found
-------------------------------------------------------------------------
Checking for FFmpeg library
['/usr/bin/pkg-config', 'libavutil >= 56.12.100', 'libavcodec >= 58.16.100', 'libavformat >= 58.9.100', 'libswscale >= 5.0.101', 'libavfilter >= 7.14.100', 'libswresample >= 3.0.100', '--libs', '--cflags', 'libavutil', 'libavcodec', 'libavformat', 'libswscale', 'libavfilter', 'libswresample']
out: -lavutil -lavcodec -lavformat -lswscale -lavfilter -lswresample 

yes
-------------------------------------------------------------------------
Checking for libavdevice
['/usr/bin/pkg-config', 'libavdevice >= 57.0.0', '--libs', '--cflags', 'libavdevice']
out: -lavdevice 

yes
-------------------------------------------------------------------------
Checking for Disable all known FFmpeg ABI violations
disabled
-------------------------------------------------------------------------
Checking for SDL2 audio output
sdl2 not found
-------------------------------------------------------------------------
Checking for PulseAudio audio output
['/usr/bin/pkg-config', 'libpulse >= 1.0', '--libs', '--cflags', 'libpulse']
out: -D_REENTRANT -lpulse -pthread 

yes
-------------------------------------------------------------------------
Checking for JACK audio output
['/usr/bin/pkg-config', 'jack', '--libs', '--cflags', 'jack']
out: -ljack -lpthread 

yes
-------------------------------------------------------------------------
Checking for OpenAL audio output
disabled
-------------------------------------------------------------------------
Checking for OpenSL ES audio output
==>
#include <SLES/OpenSLES.h>
int main(int argc, char **argv)
{ slCreateEngine; return 0; }
<==
[1/2] Compiling [32mbuild/.conf_check_2459ea316f95f98d87d6a8872266c9aa/test.c[0m

['/usr/bin/cc', '-D_ISOC99_SOURCE', '-D_GNU_SOURCE', '-D_FILE_OFFSET_BITS=64', '-Wall', '-std=c11', '-O2', '-g', '-Werror=implicit-function-declaration', '-Wno-error=deprecated-declarations', '-Wno-error=unused-function', '-Wempty-body', '-Wdisabled-optimization', '-Wstrict-prototypes', '-Wno-format-zero-length', '-Werror=format-security', '-Wno-redundant-decls', '-Wvla', '-Wno-format-truncation', '-Wimplicit-fallthrough', '-fno-math-errno', '-Wall', '-Wundef', '-Wmissing-prototypes', '-Wshadow', '-Wno-switch', '-Wparentheses', '-Wpointer-arith', '-Wno-pointer-sign', '-Wno-unused-result', '-DDEFAULT_DVD_DEVICE="/dev/sr0"', '-DDEFAULT_CDROM_DEVICE="/dev/sr0"', '-DHAVE_GPL=1', '-DHAVE_CPLAYER=1', '-DHAVE_BUILD_DATE=1', '-DHAVE_OPTIMIZE=1', '-DHAVE_DEBUG_BUILD=1', '-DHAVE_LIBDL=1', '-DHAVE_CPLUGINS=1', '-DHAVE_ASM=1', '-DHAVE_LIBM=1', '-DHAVE_POSIX=1', '-DHAVE_POSIX_OR_MINGW=1', '-DHAVE_PTHREADS=1', '-DHAVE_STDATOMIC=1', '-DHAVE_LIBRT=1', '-DHAVE_ICONV=1', '-DHAVE_GLOB_POSIX=1', '-DHAVE_GLOB=1', '-DHAVE_VT_H=1', '-DHAVE_GBM_H=1', '-DHAVE_GLIBC_THREAD_NAME=1', '-DHAVE_LINUX_FSTATFS=1', '-DHAVE_LINUX_INPUT_EVENT_CODES=1', '-DHAVE_52ARCH=1', '-DHAVE_LUA=1', '-DHAVE_JAVASCRIPT=1', '-DHAVE_LIBASS=1', '-DHAVE_ZLIB=1', '-DHAVE_LIBBLURAY=1', '-DHAVE_UCHARDET=1', '-DHAVE_RUBBERBAND=1', '-DHAVE_LCMS2=1', '-DHAVE_LIBARCHIVE=1', '-DHAVE_FFMPEG=1', '-DHAVE_LIBAVDEVICE=1', '-DHAVE_PULSE=1', '-DHAVE_JACK=1', '../test.c', '-c', '-o/home/ram/.config/mpv/build/.conf_check_2459ea316f95f98d87d6a8872266c9aa/testbuild/test.c.1.o']
err: ../test.c:1:10: fatal error: SLES/OpenSLES.h: No such file or directory
    1 | #include <SLES/OpenSLES.h>
      |          ^~~~~~~~~~~~~~~~~
compilation terminated.

from /home/ram/.config/mpv: Test does not build: Traceback (most recent call last):
  File "/home/ram/.config/mpv/.waf3-2.0.20-36f5354d605298f6a89c09e0c7ef6c1d/waflib/Configure.py", line 335, in run_build
    bld.compile()
  File "/home/ram/.config/mpv/.waf3-2.0.20-36f5354d605298f6a89c09e0c7ef6c1d/waflib/Build.py", line 176, in compile
    raise Errors.BuildError(self.producer.error)
waflib.Errors.BuildError: Build failed
 -> task in 'testprog' failed with exit status 1 (run with -v to display more information)

from /home/ram/.config/mpv: The configuration failed
no
-------------------------------------------------------------------------
Checking for ALSA audio output
['/usr/bin/pkg-config', 'alsa >= 1.0.18', '--libs', '--cflags', 'alsa']
out: -lasound 

yes
-------------------------------------------------------------------------
Checking for CoreAudio audio output
==>
#include <CoreAudio/CoreAudio.h>
#include <AudioToolbox/AudioToolbox.h>
#include <AudioUnit/AudioUnit.h>

int main(int argc, char **argv)
{
    AudioComponentDescription desc = (AudioComponentDescription) {
        .componentType         = kAudioUnitType_Output,
        .componentSubType      = kAudioUnitSubType_DefaultOutput,
        .componentManufacturer = kAudioUnitManufacturer_Apple,
    };

    AudioComponentFindNext(NULL, &desc);
    return 0;
}

<==
[1/2] Compiling [32mbuild/.conf_check_36c63e8bf0482a2f8b3df8b621324c62/test.c[0m

['/usr/bin/cc', '-D_ISOC99_SOURCE', '-D_GNU_SOURCE', '-D_FILE_OFFSET_BITS=64', '-Wall', '-std=c11', '-O2', '-g', '-Werror=implicit-function-declaration', '-Wno-error=deprecated-declarations', '-Wno-error=unused-function', '-Wempty-body', '-Wdisabled-optimization', '-Wstrict-prototypes', '-Wno-format-zero-length', '-Werror=format-security', '-Wno-redundant-decls', '-Wvla', '-Wno-format-truncation', '-Wimplicit-fallthrough', '-fno-math-errno', '-Wall', '-Wundef', '-Wmissing-prototypes', '-Wshadow', '-Wno-switch', '-Wparentheses', '-Wpointer-arith', '-Wno-pointer-sign', '-Wno-unused-result', '-DDEFAULT_DVD_DEVICE="/dev/sr0"', '-DDEFAULT_CDROM_DEVICE="/dev/sr0"', '-DHAVE_GPL=1', '-DHAVE_CPLAYER=1', '-DHAVE_BUILD_DATE=1', '-DHAVE_OPTIMIZE=1', '-DHAVE_DEBUG_BUILD=1', '-DHAVE_LIBDL=1', '-DHAVE_CPLUGINS=1', '-DHAVE_ASM=1', '-DHAVE_LIBM=1', '-DHAVE_POSIX=1', '-DHAVE_POSIX_OR_MINGW=1', '-DHAVE_PTHREADS=1', '-DHAVE_STDATOMIC=1', '-DHAVE_LIBRT=1', '-DHAVE_ICONV=1', '-DHAVE_GLOB_POSIX=1', '-DHAVE_GLOB=1', '-DHAVE_VT_H=1', '-DHAVE_GBM_H=1', '-DHAVE_GLIBC_THREAD_NAME=1', '-DHAVE_LINUX_FSTATFS=1', '-DHAVE_LINUX_INPUT_EVENT_CODES=1', '-DHAVE_52ARCH=1', '-DHAVE_LUA=1', '-DHAVE_JAVASCRIPT=1', '-DHAVE_LIBASS=1', '-DHAVE_ZLIB=1', '-DHAVE_LIBBLURAY=1', '-DHAVE_UCHARDET=1', '-DHAVE_RUBBERBAND=1', '-DHAVE_LCMS2=1', '-DHAVE_LIBARCHIVE=1', '-DHAVE_FFMPEG=1', '-DHAVE_LIBAVDEVICE=1', '-DHAVE_PULSE=1', '-DHAVE_JACK=1', '-DHAVE_ALSA=1', '../test.c', '-c', '-o/home/ram/.config/mpv/build/.conf_check_36c63e8bf0482a2f8b3df8b621324c62/testbuild/test.c.1.o']
err: ../test.c:1:10: fatal error: CoreAudio/CoreAudio.h: No such file or directory
    1 | #include <CoreAudio/CoreAudio.h>
      |          ^~~~~~~~~~~~~~~~~~~~~~~
compilation terminated.

from /home/ram/.config/mpv: Test does not build: Traceback (most recent call last):
  File "/home/ram/.config/mpv/.waf3-2.0.20-36f5354d605298f6a89c09e0c7ef6c1d/waflib/Configure.py", line 335, in run_build
    bld.compile()
  File "/home/ram/.config/mpv/.waf3-2.0.20-36f5354d605298f6a89c09e0c7ef6c1d/waflib/Build.py", line 176, in compile
    raise Errors.BuildError(self.producer.error)
waflib.Errors.BuildError: Build failed
 -> task in 'testprog' failed with exit status 1 (run with -v to display more information)

from /home/ram/.config/mpv: The configuration failed
no
-------------------------------------------------------------------------
Checking for AudioUnit output for iOS
==>
#include <AudioToolbox/AudioToolbox.h>
#include <AudioUnit/AudioUnit.h>
#include <CoreAudio/CoreAudioTypes.h>

int main(int argc, char **argv)
{
    AudioComponentDescription desc = (AudioComponentDescription) {
        .componentType         = kAudioUnitType_Output,
        .componentSubType      = kAudioUnitSubType_RemoteIO,
        .componentManufacturer = kAudioUnitManufacturer_Apple,
    };

    AudioComponentFindNext(NULL, &desc);
    return 0;
}

<==
[1/2] Compiling [32mbuild/.conf_check_d5439e8527a009eef87c6bd699e8ff77/test.c[0m

['/usr/bin/cc', '-D_ISOC99_SOURCE', '-D_GNU_SOURCE', '-D_FILE_OFFSET_BITS=64', '-Wall', '-std=c11', '-O2', '-g', '-Werror=implicit-function-declaration', '-Wno-error=deprecated-declarations', '-Wno-error=unused-function', '-Wempty-body', '-Wdisabled-optimization', '-Wstrict-prototypes', '-Wno-format-zero-length', '-Werror=format-security', '-Wno-redundant-decls', '-Wvla', '-Wno-format-truncation', '-Wimplicit-fallthrough', '-fno-math-errno', '-Wall', '-Wundef', '-Wmissing-prototypes', '-Wshadow', '-Wno-switch', '-Wparentheses', '-Wpointer-arith', '-Wno-pointer-sign', '-Wno-unused-result', '-DDEFAULT_DVD_DEVICE="/dev/sr0"', '-DDEFAULT_CDROM_DEVICE="/dev/sr0"', '-DHAVE_GPL=1', '-DHAVE_CPLAYER=1', '-DHAVE_BUILD_DATE=1', '-DHAVE_OPTIMIZE=1', '-DHAVE_DEBUG_BUILD=1', '-DHAVE_LIBDL=1', '-DHAVE_CPLUGINS=1', '-DHAVE_ASM=1', '-DHAVE_LIBM=1', '-DHAVE_POSIX=1', '-DHAVE_POSIX_OR_MINGW=1', '-DHAVE_PTHREADS=1', '-DHAVE_STDATOMIC=1', '-DHAVE_LIBRT=1', '-DHAVE_ICONV=1', '-DHAVE_GLOB_POSIX=1', '-DHAVE_GLOB=1', '-DHAVE_VT_H=1', '-DHAVE_GBM_H=1', '-DHAVE_GLIBC_THREAD_NAME=1', '-DHAVE_LINUX_FSTATFS=1', '-DHAVE_LINUX_INPUT_EVENT_CODES=1', '-DHAVE_52ARCH=1', '-DHAVE_LUA=1', '-DHAVE_JAVASCRIPT=1', '-DHAVE_LIBASS=1', '-DHAVE_ZLIB=1', '-DHAVE_LIBBLURAY=1', '-DHAVE_UCHARDET=1', '-DHAVE_RUBBERBAND=1', '-DHAVE_LCMS2=1', '-DHAVE_LIBARCHIVE=1', '-DHAVE_FFMPEG=1', '-DHAVE_LIBAVDEVICE=1', '-DHAVE_PULSE=1', '-DHAVE_JACK=1', '-DHAVE_ALSA=1', '../test.c', '-c', '-o/home/ram/.config/mpv/build/.conf_check_d5439e8527a009eef87c6bd699e8ff77/testbuild/test.c.1.o']
err: ../test.c:1:10: fatal error: AudioToolbox/AudioToolbox.h: No such file or directory
    1 | #include <AudioToolbox/AudioToolbox.h>
      |          ^~~~~~~~~~~~~~~~~~~~~~~~~~~~~
compilation terminated.

from /home/ram/.config/mpv: Test does not build: Traceback (most recent call last):
  File "/home/ram/.config/mpv/.waf3-2.0.20-36f5354d605298f6a89c09e0c7ef6c1d/waflib/Configure.py", line 335, in run_build
    bld.compile()
  File "/home/ram/.config/mpv/.waf3-2.0.20-36f5354d605298f6a89c09e0c7ef6c1d/waflib/Build.py", line 176, in compile
    raise Errors.BuildError(self.producer.error)
waflib.Errors.BuildError: Build failed
 -> task in 'testprog' failed with exit status 1 (run with -v to display more information)

from /home/ram/.config/mpv: The configuration failed
no
-------------------------------------------------------------------------
Checking for WASAPI audio output
os-win32 not found
-------------------------------------------------------------------------
Checking for SDL2 video output
sdl2 not found
-------------------------------------------------------------------------
Checking for Cocoa
==>
#import <CoreServices/CoreServices.h>
#import <OpenGL/OpenGL.h>
#import <Cocoa/Cocoa.h>

#include "osdep/macosx_compat.h"

int main(int argc, char **argv)
{
    @autoreleasepool {
        NSArray *ary = @[@1, @2, @3];
        NSLog(@"test subscripting: %@", ary[0]);
        NSApplicationLoad();
        CVDisplayLinkRef link;
        CVDisplayLinkCreateWithCGDisplay(0, &link);
    }
}

<==
[1/2] Compiling [32mbuild/.conf_check_ad970bbf430cb0092efe738257b5a1c9/test.m[0m

['/usr/bin/cc', '-D_ISOC99_SOURCE', '-D_GNU_SOURCE', '-D_FILE_OFFSET_BITS=64', '-Wall', '-std=c11', '-O2', '-g', '-Werror=implicit-function-declaration', '-Wno-error=deprecated-declarations', '-Wno-error=unused-function', '-Wempty-body', '-Wdisabled-optimization', '-Wstrict-prototypes', '-Wno-format-zero-length', '-Werror=format-security', '-Wno-redundant-decls', '-Wvla', '-Wno-format-truncation', '-Wimplicit-fallthrough', '-fno-math-errno', '-Wall', '-Wundef', '-Wmissing-prototypes', '-Wshadow', '-Wno-switch', '-Wparentheses', '-Wpointer-arith', '-Wno-pointer-sign', '-Wno-unused-result', '-I../../..', '-DDEFAULT_DVD_DEVICE="/dev/sr0"', '-DDEFAULT_CDROM_DEVICE="/dev/sr0"', '-DHAVE_GPL=1', '-DHAVE_CPLAYER=1', '-DHAVE_BUILD_DATE=1', '-DHAVE_OPTIMIZE=1', '-DHAVE_DEBUG_BUILD=1', '-DHAVE_LIBDL=1', '-DHAVE_CPLUGINS=1', '-DHAVE_ASM=1', '-DHAVE_LIBM=1', '-DHAVE_POSIX=1', '-DHAVE_POSIX_OR_MINGW=1', '-DHAVE_PTHREADS=1', '-DHAVE_STDATOMIC=1', '-DHAVE_LIBRT=1', '-DHAVE_ICONV=1', '-DHAVE_GLOB_POSIX=1', '-DHAVE_GLOB=1', '-DHAVE_VT_H=1', '-DHAVE_GBM_H=1', '-DHAVE_GLIBC_THREAD_NAME=1', '-DHAVE_LINUX_FSTATFS=1', '-DHAVE_LINUX_INPUT_EVENT_CODES=1', '-DHAVE_52ARCH=1', '-DHAVE_LUA=1', '-DHAVE_JAVASCRIPT=1', '-DHAVE_LIBASS=1', '-DHAVE_ZLIB=1', '-DHAVE_LIBBLURAY=1', '-DHAVE_UCHARDET=1', '-DHAVE_RUBBERBAND=1', '-DHAVE_LCMS2=1', '-DHAVE_LIBARCHIVE=1', '-DHAVE_FFMPEG=1', '-DHAVE_LIBAVDEVICE=1', '-DHAVE_PULSE=1', '-DHAVE_JACK=1', '-DHAVE_ALSA=1', '../test.m', '-c', '-o/home/ram/.config/mpv/build/.conf_check_ad970bbf430cb0092efe738257b5a1c9/testbuild/test.m.1.o']
err: cc: fatal error: cannot execute â€˜cc1objâ€™: execvp: No such file or directory
compilation terminated.

from /home/ram/.config/mpv: Test does not build: Traceback (most recent call last):
  File "/home/ram/.config/mpv/.waf3-2.0.20-36f5354d605298f6a89c09e0c7ef6c1d/waflib/Configure.py", line 335, in run_build
    bld.compile()
  File "/home/ram/.config/mpv/.waf3-2.0.20-36f5354d605298f6a89c09e0c7ef6c1d/waflib/Build.py", line 176, in compile
    raise Errors.BuildError(self.producer.error)
waflib.Errors.BuildError: Build failed
 -> task in 'testprog' failed with exit status 1 (run with -v to display more information)

from /home/ram/.config/mpv: The configuration failed
no
-------------------------------------------------------------------------
Checking for DRM
['/usr/bin/pkg-config', 'libdrm >= 2.4.74', '--libs', '--cflags', 'libdrm']
out: -I/usr/include/libdrm -ldrm 

yes
-------------------------------------------------------------------------
Checking for GBM
['/usr/bin/pkg-config', 'gbm', '--libs', '--cflags', 'gbm']
out: -lgbm 

yes
-------------------------------------------------------------------------
Checking for wayland-scanner
find program=['wayland-scanner'] paths=['/usr/local/sbin', '/usr/local/bin', '/usr/bin', '/usr/bin/site_perl', '/usr/bin/vendor_perl', '/usr/bin/core_perl'] var='WAYSCAN' -> ['/usr/bin/wayland-scanner']
yes
-------------------------------------------------------------------------
Checking for wayland-protocols
['/usr/bin/pkg-config', 'wayland-protocols >= 1.15', '--variable=pkgdatadir', 'wayland-protocols']
out: //usr/share/wayland-protocols //usr/share/wayland-protocols

Unhandled flag '//usr/share/wayland-protocols'
Unhandled flag '//usr/share/wayland-protocols'
yes
-------------------------------------------------------------------------
Checking for Wayland
['/usr/bin/pkg-config', 'wayland-client >= 1.15.0', 'wayland-cursor >= 1.15.0', 'xkbcommon >= 0.3.0', '--libs', '--cflags', 'wayland-client', 'wayland-cursor', 'xkbcommon']
out: -lwayland-client -lwayland-cursor -lxkbcommon 

yes
-------------------------------------------------------------------------
Checking for Linux's memfd_create()
==>
#include <sys/mman.h>
int main(int argc, char **argv)
{ memfd_create("mpv", MFD_CLOEXEC | MFD_ALLOW_SEALING); return 0; }
<==
[1/2] Compiling [32mbuild/.conf_check_93fc6b34f205c5c821e8e90245167f82/test.c[0m

['/usr/bin/cc', '-D_ISOC99_SOURCE', '-D_GNU_SOURCE', '-D_FILE_OFFSET_BITS=64', '-Wall', '-std=c11', '-O2', '-g', '-Werror=implicit-function-declaration', '-Wno-error=deprecated-declarations', '-Wno-error=unused-function', '-Wempty-body', '-Wdisabled-optimization', '-Wstrict-prototypes', '-Wno-format-zero-length', '-Werror=format-security', '-Wno-redundant-decls', '-Wvla', '-Wno-format-truncation', '-Wimplicit-fallthrough', '-fno-math-errno', '-Wall', '-Wundef', '-Wmissing-prototypes', '-Wshadow', '-Wno-switch', '-Wparentheses', '-Wpointer-arith', '-Wno-pointer-sign', '-Wno-unused-result', '-DDEFAULT_DVD_DEVICE="/dev/sr0"', '-DDEFAULT_CDROM_DEVICE="/dev/sr0"', '-DHAVE_GPL=1', '-DHAVE_CPLAYER=1', '-DHAVE_BUILD_DATE=1', '-DHAVE_OPTIMIZE=1', '-DHAVE_DEBUG_BUILD=1', '-DHAVE_LIBDL=1', '-DHAVE_CPLUGINS=1', '-DHAVE_ASM=1', '-DHAVE_LIBM=1', '-DHAVE_POSIX=1', '-DHAVE_POSIX_OR_MINGW=1', '-DHAVE_PTHREADS=1', '-DHAVE_STDATOMIC=1', '-DHAVE_LIBRT=1', '-DHAVE_ICONV=1', '-DHAVE_GLOB_POSIX=1', '-DHAVE_GLOB=1', '-DHAVE_VT_H=1', '-DHAVE_GBM_H=1', '-DHAVE_GLIBC_THREAD_NAME=1', '-DHAVE_LINUX_FSTATFS=1', '-DHAVE_LINUX_INPUT_EVENT_CODES=1', '-DHAVE_52ARCH=1', '-DHAVE_LUA=1', '-DHAVE_JAVASCRIPT=1', '-DHAVE_LIBASS=1', '-DHAVE_ZLIB=1', '-DHAVE_LIBBLURAY=1', '-DHAVE_UCHARDET=1', '-DHAVE_RUBBERBAND=1', '-DHAVE_LCMS2=1', '-DHAVE_LIBARCHIVE=1', '-DHAVE_FFMPEG=1', '-DHAVE_LIBAVDEVICE=1', '-DHAVE_PULSE=1', '-DHAVE_JACK=1', '-DHAVE_ALSA=1', '-DHAVE_DRM=1', '-DHAVE_GBM=1', '-DHAVE_WAYLAND_PROTOCOLS=1', '-DHAVE_WAYLAND=1', '../test.c', '-c', '-o/home/ram/.config/mpv/build/.conf_check_93fc6b34f205c5c821e8e90245167f82/testbuild/test.c.1.o']
[2/2] Linking [33mbuild/.conf_check_93fc6b34f205c5c821e8e90245167f82/testbuild/testprog[0m

['/usr/bin/cc', 'test.c.1.o', '-o/home/ram/.config/mpv/build/.conf_check_93fc6b34f205c5c821e8e90245167f82/testbuild/testprog', '-Wl,-Bstatic', '-Wl,-Bdynamic']
yes
-------------------------------------------------------------------------
Checking for X11
['/usr/bin/pkg-config', 'x11 >= 1.0.0', 'xscrnsaver >= 1.0.0', 'xext >= 1.0.0', 'xinerama >= 1.0.0', 'xrandr >= 1.2.0', '--libs', '--cflags', 'x11', 'xscrnsaver', 'xext', 'xinerama', 'xrandr']
out: -lX11 -lXss -lXext -lXinerama -lXrandr 

yes
-------------------------------------------------------------------------
Checking for Xv video output
['/usr/bin/pkg-config', 'xv', '--libs', '--cflags', 'xv']
out: -lXv 

yes
-------------------------------------------------------------------------
Checking for OpenGL Cocoa Backend
cocoa not found
-------------------------------------------------------------------------
Checking for OpenGL X11/GLX (deprecated/legacy)
disabled
-------------------------------------------------------------------------
Checking for Raspberry Pi support
disabled
-------------------------------------------------------------------------
Checking for EGL 1.4
['/usr/bin/pkg-config', 'egl', '--libs', '--cflags', 'egl']
out: -lEGL 

==>
#include <EGL/egl.h>
int main(int argc, char **argv)
{ int x[EGL_VERSION_1_5]; return 0; }
<==
[1/2] Compiling [32mbuild/.conf_check_f4b0b5e7dcf6413333cbf1fba1df9d5a/test.c[0m

['/usr/bin/cc', '-D_ISOC99_SOURCE', '-D_GNU_SOURCE', '-D_FILE_OFFSET_BITS=64', '-Wall', '-std=c11', '-O2', '-g', '-Werror=implicit-function-declaration', '-Wno-error=deprecated-declarations', '-Wno-error=unused-function', '-Wempty-body', '-Wdisabled-optimization', '-Wstrict-prototypes', '-Wno-format-zero-length', '-Werror=format-security', '-Wno-redundant-decls', '-Wvla', '-Wno-format-truncation', '-Wimplicit-fallthrough', '-fno-math-errno', '-Wall', '-Wundef', '-Wmissing-prototypes', '-Wshadow', '-Wno-switch', '-Wparentheses', '-Wpointer-arith', '-Wno-pointer-sign', '-Wno-unused-result', '-DDEFAULT_DVD_DEVICE="/dev/sr0"', '-DDEFAULT_CDROM_DEVICE="/dev/sr0"', '-DHAVE_GPL=1', '-DHAVE_CPLAYER=1', '-DHAVE_BUILD_DATE=1', '-DHAVE_OPTIMIZE=1', '-DHAVE_DEBUG_BUILD=1', '-DHAVE_LIBDL=1', '-DHAVE_CPLUGINS=1', '-DHAVE_ASM=1', '-DHAVE_LIBM=1', '-DHAVE_POSIX=1', '-DHAVE_POSIX_OR_MINGW=1', '-DHAVE_PTHREADS=1', '-DHAVE_STDATOMIC=1', '-DHAVE_LIBRT=1', '-DHAVE_ICONV=1', '-DHAVE_GLOB_POSIX=1', '-DHAVE_GLOB=1', '-DHAVE_VT_H=1', '-DHAVE_GBM_H=1', '-DHAVE_GLIBC_THREAD_NAME=1', '-DHAVE_LINUX_FSTATFS=1', '-DHAVE_LINUX_INPUT_EVENT_CODES=1', '-DHAVE_52ARCH=1', '-DHAVE_LUA=1', '-DHAVE_JAVASCRIPT=1', '-DHAVE_LIBASS=1', '-DHAVE_ZLIB=1', '-DHAVE_LIBBLURAY=1', '-DHAVE_UCHARDET=1', '-DHAVE_RUBBERBAND=1', '-DHAVE_LCMS2=1', '-DHAVE_LIBARCHIVE=1', '-DHAVE_FFMPEG=1', '-DHAVE_LIBAVDEVICE=1', '-DHAVE_PULSE=1', '-DHAVE_JACK=1', '-DHAVE_ALSA=1', '-DHAVE_DRM=1', '-DHAVE_GBM=1', '-DHAVE_WAYLAND_PROTOCOLS=1', '-DHAVE_WAYLAND=1', '-DHAVE_MEMFD_CREATE=1', '-DHAVE_X11=1', '-DHAVE_XV=1', '../test.c', '-c', '-o/home/ram/.config/mpv/build/.conf_check_f4b0b5e7dcf6413333cbf1fba1df9d5a/testbuild/test.c.1.o']
err: ../test.c: In function â€˜mainâ€™:
../test.c:3:7: warning: unused variable â€˜xâ€™ [-Wunused-variable]
    3 | { int x[EGL_VERSION_1_5]; return 0; }
      |       ^

[2/2] Linking [33mbuild/.conf_check_f4b0b5e7dcf6413333cbf1fba1df9d5a/testbuild/testprog[0m

['/usr/bin/cc', 'test.c.1.o', '-o/home/ram/.config/mpv/build/.conf_check_f4b0b5e7dcf6413333cbf1fba1df9d5a/testbuild/testprog', '-Wl,-Bstatic', '-Wl,-Bdynamic']
yes
-------------------------------------------------------------------------
Checking for OpenGL X11 EGL Backend
yes
-------------------------------------------------------------------------
Checking for OpenGL DRM EGL Backend
yes
-------------------------------------------------------------------------
Checking for OpenGL Wayland Backend
['/usr/bin/pkg-config', 'wayland-egl >= 9.0.0', '--libs', '--cflags', 'wayland-egl']
out: -lwayland-egl -lwayland-client 

yes
-------------------------------------------------------------------------
Checking for OpenGL Win32 Backend
win32-desktop not found
-------------------------------------------------------------------------
Checking for OpenGL/DirectX Interop Backend
gl-win32 not found
-------------------------------------------------------------------------
Checking for OpenGL ANGLE headers
os-win32 not found
-------------------------------------------------------------------------
Checking for OpenGL Win32 ANGLE Library
egl-angle not found
-------------------------------------------------------------------------
Checking for OpenGL Win32 ANGLE Backend
egl-angle not found
-------------------------------------------------------------------------
Checking for VDPAU acceleration
['/usr/bin/pkg-config', 'vdpau >= 0.2', '--libs', '--cflags', 'vdpau']
out: -lvdpau 

yes
-------------------------------------------------------------------------
Checking for VDPAU with OpenGL/X11
gl-x11 not found
-------------------------------------------------------------------------
Checking for VAAPI acceleration
['/usr/bin/pkg-config', 'libva >= 1.1.0', '--libs', '--cflags', 'libva']
out: -lva 

yes
-------------------------------------------------------------------------
Checking for VAAPI (X11 support)
['/usr/bin/pkg-config', 'libva-x11 >= 1.1.0', '--libs', '--cflags', 'libva-x11']
out: -lva-x11 -lva 

yes
-------------------------------------------------------------------------
Checking for VAAPI (Wayland support)
['/usr/bin/pkg-config', 'libva-wayland >= 1.1.0', '--libs', '--cflags', 'libva-wayland']
out: -lva-wayland -lva -lwayland-client 

yes
-------------------------------------------------------------------------
Checking for VAAPI (DRM/EGL support)
['/usr/bin/pkg-config', 'libva-drm >= 1.1.0', '--libs', '--cflags', 'libva-drm']
out: -lva-drm -lva 

yes
-------------------------------------------------------------------------
Checking for VAAPI EGL on X11
yes
-------------------------------------------------------------------------
Checking for VAAPI EGL
yes
-------------------------------------------------------------------------
Checking for CACA
['/usr/bin/pkg-config', 'caca >= 0.99.beta18', '--libs', '--cflags', 'caca']
out: -lcaca 

yes
-------------------------------------------------------------------------
Checking for JPEG support
==>
#include <stdio.h>
#include <jpeglib.h>

int main(int argc, char **argv) {
	(void)argc; (void)argv;
	return 0;
}

<==
[1/2] Compiling [32mbuild/.conf_check_02ad8997b345658f93b0d67f14ae01f6/test.c[0m

['/usr/bin/cc', '-D_ISOC99_SOURCE', '-D_GNU_SOURCE', '-D_FILE_OFFSET_BITS=64', '-Wall', '-std=c11', '-O2', '-g', '-Werror=implicit-function-declaration', '-Wno-error=deprecated-declarations', '-Wno-error=unused-function', '-Wempty-body', '-Wdisabled-optimization', '-Wstrict-prototypes', '-Wno-format-zero-length', '-Werror=format-security', '-Wno-redundant-decls', '-Wvla', '-Wno-format-truncation', '-Wimplicit-fallthrough', '-fno-math-errno', '-Wall', '-Wundef', '-Wmissing-prototypes', '-Wshadow', '-Wno-switch', '-Wparentheses', '-Wpointer-arith', '-Wno-pointer-sign', '-Wno-unused-result', '-DDEFAULT_DVD_DEVICE="/dev/sr0"', '-DDEFAULT_CDROM_DEVICE="/dev/sr0"', '-DHAVE_GPL=1', '-DHAVE_CPLAYER=1', '-DHAVE_BUILD_DATE=1', '-DHAVE_OPTIMIZE=1', '-DHAVE_DEBUG_BUILD=1', '-DHAVE_LIBDL=1', '-DHAVE_CPLUGINS=1', '-DHAVE_ASM=1', '-DHAVE_LIBM=1', '-DHAVE_POSIX=1', '-DHAVE_POSIX_OR_MINGW=1', '-DHAVE_PTHREADS=1', '-DHAVE_STDATOMIC=1', '-DHAVE_LIBRT=1', '-DHAVE_ICONV=1', '-DHAVE_GLOB_POSIX=1', '-DHAVE_GLOB=1', '-DHAVE_VT_H=1', '-DHAVE_GBM_H=1', '-DHAVE_GLIBC_THREAD_NAME=1', '-DHAVE_LINUX_FSTATFS=1', '-DHAVE_LINUX_INPUT_EVENT_CODES=1', '-DHAVE_52ARCH=1', '-DHAVE_LUA=1', '-DHAVE_JAVASCRIPT=1', '-DHAVE_LIBASS=1', '-DHAVE_ZLIB=1', '-DHAVE_LIBBLURAY=1', '-DHAVE_UCHARDET=1', '-DHAVE_RUBBERBAND=1', '-DHAVE_LCMS2=1', '-DHAVE_LIBARCHIVE=1', '-DHAVE_FFMPEG=1', '-DHAVE_LIBAVDEVICE=1', '-DHAVE_PULSE=1', '-DHAVE_JACK=1', '-DHAVE_ALSA=1', '-DHAVE_DRM=1', '-DHAVE_GBM=1', '-DHAVE_WAYLAND_PROTOCOLS=1', '-DHAVE_WAYLAND=1', '-DHAVE_MEMFD_CREATE=1', '-DHAVE_X11=1', '-DHAVE_XV=1', '-DHAVE_EGL=1', '-DHAVE_EGL_X11=1', '-DHAVE_EGL_DRM=1', '-DHAVE_GL_WAYLAND=1', '-DHAVE_VDPAU=1', '-DHAVE_VAAPI=1', '-DHAVE_VAAPI_X11=1', '-DHAVE_VAAPI_WAYLAND=1', '-DHAVE_VAAPI_DRM=1', '-DHAVE_VAAPI_X_EGL=1', '-DHAVE_VAAPI_EGL=1', '-DHAVE_CACA=1', '../test.c', '-c', '-o/home/ram/.config/mpv/build/.conf_check_02ad8997b345658f93b0d67f14ae01f6/testbuild/test.c.1.o']
[2/2] Linking [33mbuild/.conf_check_02ad8997b345658f93b0d67f14ae01f6/testbuild/testprog[0m

['/usr/bin/cc', 'test.c.1.o', '-o/home/ram/.config/mpv/build/.conf_check_02ad8997b345658f93b0d67f14ae01f6/testbuild/testprog', '-Wl,-Bstatic', '-Wl,-Bdynamic', '-ljpeg', '-lm']
yes
-------------------------------------------------------------------------
Checking for Direct3D support
win32-desktop not found
-------------------------------------------------------------------------
Checking for libshaderc SPIR-V compiler (shared library)
==>
#include <shaderc/shaderc.h>

int main(int argc, char **argv) {
	(void)argc; (void)argv;
	return 0;
}

<==
[1/2] Compiling [32mbuild/.conf_check_4ad01db46aa59ea7af65b41f365488ac/test.c[0m

['/usr/bin/cc', '-D_ISOC99_SOURCE', '-D_GNU_SOURCE', '-D_FILE_OFFSET_BITS=64', '-Wall', '-std=c11', '-O2', '-g', '-Werror=implicit-function-declaration', '-Wno-error=deprecated-declarations', '-Wno-error=unused-function', '-Wempty-body', '-Wdisabled-optimization', '-Wstrict-prototypes', '-Wno-format-zero-length', '-Werror=format-security', '-Wno-redundant-decls', '-Wvla', '-Wno-format-truncation', '-Wimplicit-fallthrough', '-fno-math-errno', '-Wall', '-Wundef', '-Wmissing-prototypes', '-Wshadow', '-Wno-switch', '-Wparentheses', '-Wpointer-arith', '-Wno-pointer-sign', '-Wno-unused-result', '-DDEFAULT_DVD_DEVICE="/dev/sr0"', '-DDEFAULT_CDROM_DEVICE="/dev/sr0"', '-DHAVE_GPL=1', '-DHAVE_CPLAYER=1', '-DHAVE_BUILD_DATE=1', '-DHAVE_OPTIMIZE=1', '-DHAVE_DEBUG_BUILD=1', '-DHAVE_LIBDL=1', '-DHAVE_CPLUGINS=1', '-DHAVE_ASM=1', '-DHAVE_LIBM=1', '-DHAVE_POSIX=1', '-DHAVE_POSIX_OR_MINGW=1', '-DHAVE_PTHREADS=1', '-DHAVE_STDATOMIC=1', '-DHAVE_LIBRT=1', '-DHAVE_ICONV=1', '-DHAVE_GLOB_POSIX=1', '-DHAVE_GLOB=1', '-DHAVE_VT_H=1', '-DHAVE_GBM_H=1', '-DHAVE_GLIBC_THREAD_NAME=1', '-DHAVE_LINUX_FSTATFS=1', '-DHAVE_LINUX_INPUT_EVENT_CODES=1', '-DHAVE_52ARCH=1', '-DHAVE_LUA=1', '-DHAVE_JAVASCRIPT=1', '-DHAVE_LIBASS=1', '-DHAVE_ZLIB=1', '-DHAVE_LIBBLURAY=1', '-DHAVE_UCHARDET=1', '-DHAVE_RUBBERBAND=1', '-DHAVE_LCMS2=1', '-DHAVE_LIBARCHIVE=1', '-DHAVE_FFMPEG=1', '-DHAVE_LIBAVDEVICE=1', '-DHAVE_PULSE=1', '-DHAVE_JACK=1', '-DHAVE_ALSA=1', '-DHAVE_DRM=1', '-DHAVE_GBM=1', '-DHAVE_WAYLAND_PROTOCOLS=1', '-DHAVE_WAYLAND=1', '-DHAVE_MEMFD_CREATE=1', '-DHAVE_X11=1', '-DHAVE_XV=1', '-DHAVE_EGL=1', '-DHAVE_EGL_X11=1', '-DHAVE_EGL_DRM=1', '-DHAVE_GL_WAYLAND=1', '-DHAVE_VDPAU=1', '-DHAVE_VAAPI=1', '-DHAVE_VAAPI_X11=1', '-DHAVE_VAAPI_WAYLAND=1', '-DHAVE_VAAPI_DRM=1', '-DHAVE_VAAPI_X_EGL=1', '-DHAVE_VAAPI_EGL=1', '-DHAVE_CACA=1', '-DHAVE_JPEG=1', '../test.c', '-c', '-o/home/ram/.config/mpv/build/.conf_check_4ad01db46aa59ea7af65b41f365488ac/testbuild/test.c.1.o']
[2/2] Linking [33mbuild/.conf_check_4ad01db46aa59ea7af65b41f365488ac/testbuild/testprog[0m

['/usr/bin/cc', 'test.c.1.o', '-o/home/ram/.config/mpv/build/.conf_check_4ad01db46aa59ea7af65b41f365488ac/testbuild/testprog', '-Wl,-Bstatic', '-Wl,-Bdynamic', '-lshaderc_shared']
yes
-------------------------------------------------------------------------
Checking for libshaderc SPIR-V compiler (static library)
shaderc-shared found
-------------------------------------------------------------------------
Checking for libshaderc SPIR-V compiler
yes
-------------------------------------------------------------------------
Checking for SPIRV-Cross SPIR-V shader converter (shared library)
['/usr/bin/pkg-config', 'spirv-cross-c-shared', '--libs', '--cflags', 'spirv-cross-c-shared']
err: Package spirv-cross-c-shared was not found in the pkg-config search path.
Perhaps you should add the directory containing `spirv-cross-c-shared.pc'
to the PKG_CONFIG_PATH environment variable
Package 'spirv-cross-c-shared', required by 'virtual:world', not found
Package 'spirv-cross-c-shared', required by 'virtual:world', not found

from /home/ram/.config/mpv: The configuration failed
no ('spirv-cross-c-shared' not found)
-------------------------------------------------------------------------
Checking for SPIRV-Cross SPIR-V shader converter (static library)
['/usr/bin/pkg-config', 'spirv-cross', '--libs', '--cflags', 'spirv-cross']
err: Package spirv-cross was not found in the pkg-config search path.
Perhaps you should add the directory containing `spirv-cross.pc'
to the PKG_CONFIG_PATH environment variable
Package 'spirv-cross', required by 'virtual:world', not found
Package 'spirv-cross', required by 'virtual:world', not found

from /home/ram/.config/mpv: The configuration failed
no ('spirv-cross' not found)
-------------------------------------------------------------------------
Checking for SPIRV-Cross SPIR-V shader converter
spirv-cross-shared not found
-------------------------------------------------------------------------
Checking for Direct3D 11 video output
win32-desktop not found
-------------------------------------------------------------------------
Checking for iOS OpenGL ES hardware decoding interop support
==>
#include <OpenGLES/ES3/glext.h>
int main(int argc, char **argv)
{ (void)GL_RGB32F; return 0; }
<==
[1/2] Compiling [32mbuild/.conf_check_215e0decd6b96b61d7e6017ad5da5b7c/test.c[0m

['/usr/bin/cc', '-D_ISOC99_SOURCE', '-D_GNU_SOURCE', '-D_FILE_OFFSET_BITS=64', '-Wall', '-std=c11', '-O2', '-g', '-Werror=implicit-function-declaration', '-Wno-error=deprecated-declarations', '-Wno-error=unused-function', '-Wempty-body', '-Wdisabled-optimization', '-Wstrict-prototypes', '-Wno-format-zero-length', '-Werror=format-security', '-Wno-redundant-decls', '-Wvla', '-Wno-format-truncation', '-Wimplicit-fallthrough', '-fno-math-errno', '-Wall', '-Wundef', '-Wmissing-prototypes', '-Wshadow', '-Wno-switch', '-Wparentheses', '-Wpointer-arith', '-Wno-pointer-sign', '-Wno-unused-result', '-DDEFAULT_DVD_DEVICE="/dev/sr0"', '-DDEFAULT_CDROM_DEVICE="/dev/sr0"', '-DHAVE_GPL=1', '-DHAVE_CPLAYER=1', '-DHAVE_BUILD_DATE=1', '-DHAVE_OPTIMIZE=1', '-DHAVE_DEBUG_BUILD=1', '-DHAVE_LIBDL=1', '-DHAVE_CPLUGINS=1', '-DHAVE_ASM=1', '-DHAVE_LIBM=1', '-DHAVE_POSIX=1', '-DHAVE_POSIX_OR_MINGW=1', '-DHAVE_PTHREADS=1', '-DHAVE_STDATOMIC=1', '-DHAVE_LIBRT=1', '-DHAVE_ICONV=1', '-DHAVE_GLOB_POSIX=1', '-DHAVE_GLOB=1', '-DHAVE_VT_H=1', '-DHAVE_GBM_H=1', '-DHAVE_GLIBC_THREAD_NAME=1', '-DHAVE_LINUX_FSTATFS=1', '-DHAVE_LINUX_INPUT_EVENT_CODES=1', '-DHAVE_52ARCH=1', '-DHAVE_LUA=1', '-DHAVE_JAVASCRIPT=1', '-DHAVE_LIBASS=1', '-DHAVE_ZLIB=1', '-DHAVE_LIBBLURAY=1', '-DHAVE_UCHARDET=1', '-DHAVE_RUBBERBAND=1', '-DHAVE_LCMS2=1', '-DHAVE_LIBARCHIVE=1', '-DHAVE_FFMPEG=1', '-DHAVE_LIBAVDEVICE=1', '-DHAVE_PULSE=1', '-DHAVE_JACK=1', '-DHAVE_ALSA=1', '-DHAVE_DRM=1', '-DHAVE_GBM=1', '-DHAVE_WAYLAND_PROTOCOLS=1', '-DHAVE_WAYLAND=1', '-DHAVE_MEMFD_CREATE=1', '-DHAVE_X11=1', '-DHAVE_XV=1', '-DHAVE_EGL=1', '-DHAVE_EGL_X11=1', '-DHAVE_EGL_DRM=1', '-DHAVE_GL_WAYLAND=1', '-DHAVE_VDPAU=1', '-DHAVE_VAAPI=1', '-DHAVE_VAAPI_X11=1', '-DHAVE_VAAPI_WAYLAND=1', '-DHAVE_VAAPI_DRM=1', '-DHAVE_VAAPI_X_EGL=1', '-DHAVE_VAAPI_EGL=1', '-DHAVE_CACA=1', '-DHAVE_JPEG=1', '-DHAVE_SHADERC_SHARED=1', '-DHAVE_SHADERC=1', '../test.c', '-c', '-o/home/ram/.config/mpv/build/.conf_check_215e0decd6b96b61d7e6017ad5da5b7c/testbuild/test.c.1.o']
err: ../test.c:1:10: fatal error: OpenGLES/ES3/glext.h: No such file or directory
    1 | #include <OpenGLES/ES3/glext.h>
      |          ^~~~~~~~~~~~~~~~~~~~~~
compilation terminated.

from /home/ram/.config/mpv: Test does not build: Traceback (most recent call last):
  File "/home/ram/.config/mpv/.waf3-2.0.20-36f5354d605298f6a89c09e0c7ef6c1d/waflib/Configure.py", line 335, in run_build
    bld.compile()
  File "/home/ram/.config/mpv/.waf3-2.0.20-36f5354d605298f6a89c09e0c7ef6c1d/waflib/Build.py", line 176, in compile
    raise Errors.BuildError(self.producer.error)
waflib.Errors.BuildError: Build failed
 -> task in 'testprog' failed with exit status 1 (run with -v to display more information)

from /home/ram/.config/mpv: The configuration failed
no
-------------------------------------------------------------------------
Checking for OpenGL without platform-specific code (e.g. for libmpv)
libmpv-shared not found
-------------------------------------------------------------------------
Checking for OpenGL context support
yes
-------------------------------------------------------------------------
Checking for libplacebo support
['/usr/bin/pkg-config', 'libplacebo >= 2.72.0', '--libs', '--cflags', 'libplacebo', '>=', '2.72.0']
out: -lplacebo 

yes
-------------------------------------------------------------------------
Checking for Vulkan context support
['/usr/bin/pkg-config', 'vulkan', '--libs', '--cflags', 'vulkan']
out: -lvulkan 

yes
-------------------------------------------------------------------------
Checking for VAAPI Vulkan
yes
-------------------------------------------------------------------------
Checking for EGL helper functions
yes
-------------------------------------------------------------------------
Checking for Sixel
['/usr/bin/pkg-config', 'libsixel >= 1.5', '--libs', '--cflags', 'libsixel']
err: Package libsixel was not found in the pkg-config search path.
Perhaps you should add the directory containing `libsixel.pc'
to the PKG_CONFIG_PATH environment variable
Package 'libsixel', required by 'virtual:world', not found
Package 'libsixel', required by 'virtual:world', not found

from /home/ram/.config/mpv: The configuration failed
no ('libsixel >= 1.5' not found)
-------------------------------------------------------------------------
Checking for libavcodec videotoolbox hwaccel
gl-cocoa not found
-------------------------------------------------------------------------
Checking for Videotoolbox with OpenGL
gl-cocoa not found
-------------------------------------------------------------------------
Checking for D3D11VA hwaccel
os-win32 not found
-------------------------------------------------------------------------
Checking for DXVA2 hwaccel
d3d-hwaccel not found
-------------------------------------------------------------------------
Checking for OpenGL/DirectX Interop Backend DXVA2 interop
gl-dxinterop not found
-------------------------------------------------------------------------
Checking for CUDA Headers and dynamic loader
['/usr/bin/pkg-config', 'ffnvcodec >= 8.2.15.7', '--libs', '--cflags', 'ffnvcodec', '>=', '8.2.15.7']
err: Package ffnvcodec was not found in the pkg-config search path.
Perhaps you should add the directory containing `ffnvcodec.pc'
to the PKG_CONFIG_PATH environment variable
Package 'ffnvcodec', required by 'virtual:world', not found
Package 'ffnvcodec', required by 'virtual:world', not found

from /home/ram/.config/mpv: The configuration failed
no ('ffnvcodec >= 8.2.15.7' not found)
-------------------------------------------------------------------------
Checking for CUDA acceleration
ffnvcodec not found
-------------------------------------------------------------------------
Checking for CUDA with graphics interop
cuda-hwaccel not found
-------------------------------------------------------------------------
Checking for Raspberry Pi MMAL hwaccel
rpi not found
-------------------------------------------------------------------------
Checking for w32 executable
os-win32 not found
-------------------------------------------------------------------------
Checking for macOS Touch Bar support
cocoa not found
-------------------------------------------------------------------------
Checking for macOS 10.11 SDK Features
cocoa not found
-------------------------------------------------------------------------
Checking for macOS 10.12.2 SDK Features
cocoa not found
-------------------------------------------------------------------------
Checking for macOS 10.14 SDK Features
cocoa not found
-------------------------------------------------------------------------
Checking for macOS Media Player support
macos-10-12-2-features not found
-------------------------------------------------------------------------
Checking for macOS libmpv backend
cocoa not found
-------------------------------------------------------------------------
Writing configuration header:
config.h
